07-10 19:49:21

--------------------------------------------------


Task       : Task_manipulation Rec_machine_switch
Group_id   : 8
Index      : 0
Create_time: 1720612152204585790
Start_time : 1720612153224668502
End_time   : 1720612154634270429
Finsih_cb  : None
Status     : FINISHED
Result     : SUCCEED
Return_data: None
Parallel   : ALL
Subtask_count: 1
Subtask_count_finished: 1
Predecessor_tasks: 
Arm_id              : LEFT 
Target_arms_pose    : {Arm_pose_0: arm LEFT, pose type ANGLE, joint:[-71.36, -7.87, -155.8, 121.34, 73.92, 31.57] } 
Target_clamps_status: Clamp_status_0: CLOSE  
Clamp_speed         : 50 
arm_move_method     : XYZ 
click_length        : 0 


Task       : Task_manipulation Rec_cup_machine
Group_id   : 8
Index      : 1
Create_time: 1720612152204628229
Start_time : 1720612154222778081
End_time   : 1720612158099232912
Finsih_cb  : None
Status     : FINISHED
Result     : SUCCEED
Return_data: None
Parallel   : ALL
Subtask_count: 1
Subtask_count_finished: 1
Predecessor_tasks: 
Arm_id              : RIGHT 
Target_arms_pose    : {Arm_pose_0: arm RIGHT, pose type ANGLE, joint:[0, 0, -115, 0, 90, 0] } 
Target_clamps_status: Clamp_status_0: CLOSE  
Clamp_speed         : 50 
arm_move_method     : XYZ 
click_length        : 0 


Task       : Task_manipulation Rec_cup_machine
Group_id   : 8
Index      : 2
Create_time: 1720612152204665422
Start_time : 1720612158220776796
End_time   : 1720612161102282524
Finsih_cb  : None
Status     : FINISHED
Result     : SUCCEED
Return_data: None
Parallel   : ALL
Subtask_count: 1
Subtask_count_finished: 1
Predecessor_tasks: [1:Task_manipulation Rec_cup_machine] 
Arm_id              : RIGHT 
Target_arms_pose    : {Arm_pose_0: arm RIGHT, pose type ANGLE, joint:[-135.79, 22.83, -152.09, 46.44, 56.43, 4.23] } 
Target_clamps_status: Clamp_status_0: DONTCANGE  
Clamp_speed         : 50 
arm_move_method     : XYZ 
click_length        : 0 

--------------------------------------------------


