07-09 18:32:12

--------------------------------------------------
Task       : Task_manipulation Move_to_IDLE
Group_id   : 1
Index      : 0
Create_time: 1720521131821205854
Start_time : 1720521132075196981
End_time   : 1720521132138539552
Finsih_cb  : None
Status     : FINISHED
Result     : FAILED
Return_data: None
Parallel   : ALL
Subtask_count: 1
Subtask_count_finished: 1
Predecessor_tasks: 
Arm_id              : LEFT_RIGHT 
Target_arms_pose    : {Arm_pose_0: arm LEFT, pose type ANGLE, joint:[-48.48, 26.74, -87.21, 65.36, 46.82, 26.16] 
                       Arm_pose_1: arm RIGHT, pose type ANGLE, joint:[48.48, 26.74, -87.21, -65.36, 46.82, -26.16] } 
Target_clamps_status: Clamp_status_0: CLOSE Clamp_status_1: CLOSE  
Clamp_speed         : 50 
arm_move_method     : XYZ 
click_length        : 0 

--------------------------------------------------


07-09 18:41:06

--------------------------------------------------
Task       : Task_manipulation Move_to_IDLE
Group_id   : 1
Index      : 0
Create_time: 1720521664638997316
Start_time : 1720521664752812147
End_time   : 1720521665996598482
Finsih_cb  : None
Status     : FINISHED
Result     : SUCCEED
Return_data: None
Parallel   : ALL
Subtask_count: 1
Subtask_count_finished: 1
Predecessor_tasks: 
Arm_id              : LEFT_RIGHT 
Target_arms_pose    : {Arm_pose_0: arm LEFT, pose type ANGLE, joint:[-48.48, 26.74, -87.21, 65.36, 46.82, 26.16] 
                       Arm_pose_1: arm RIGHT, pose type ANGLE, joint:[48.48, 26.74, -87.21, -65.36, 46.82, -26.16] } 
Target_clamps_status: Clamp_status_0: CLOSE Clamp_status_1: CLOSE  
Clamp_speed         : 50 
arm_move_method     : XYZ 
click_length        : 0 

--------------------------------------------------


07-09 18:44:28

--------------------------------------------------
Task       : Task_manipulation Move_to_IDLE
Group_id   : 1
Index      : 0
Create_time: 1720521867762284278
Start_time : 1720521868082940578
End_time   : 1720521868496996402
Finsih_cb  : None
Status     : FINISHED
Result     : SUCCEED
Return_data: None
Parallel   : ALL
Subtask_count: 1
Subtask_count_finished: 1
Predecessor_tasks: 
Arm_id              : LEFT_RIGHT 
Target_arms_pose    : {Arm_pose_0: arm LEFT, pose type ANGLE, joint:[-48.48, 26.74, -87.21, 65.36, 46.82, 26.16] 
                       Arm_pose_1: arm RIGHT, pose type ANGLE, joint:[48.48, 26.74, -87.21, -65.36, 46.82, -26.16] } 
Target_clamps_status: Clamp_status_0: CLOSE Clamp_status_1: CLOSE  
Clamp_speed         : 50 
arm_move_method     : XYZ 
click_length        : 0 

--------------------------------------------------


