07-10 16:57:57

--------------------------------------------------


Task       : Task_manipulation Rec_machine_switch
Name       : left arm move to rec coffee machine turn on
Group_id   : 8
Index      : 0
Create_time: 1720630677765356779
Start_time : -999
End_time   : -999
Finsih_cb  : None
Status     : BEREADY
Result     : INVALID
Return_data: None
Parallel   : ALL
Subtask_count: 1
Subtask_count_finished: 0
Predecessor_tasks: 
Arm_id              : LEFT 
Target_arms_pose    : {Arm_pose_0: arm LEFT, pose type ANGLE, joint:[-71.36, -7.87, -155.8, 121.34, 73.92, 31.57] } 
Target_clamps_status: Clamp_status_0: CLOSE  
Clamp_speed         : 50 
arm_move_method     : XYZ 
click_length        : 0 


Task       : Task_manipulation Rec_cup_machine
Name       : right arm move to rec cup machine prepare
Group_id   : 8
Index      : 1
Create_time: 1720630677765383958
Start_time : -999
End_time   : -999
Finsih_cb  : None
Status     : BEREADY
Result     : INVALID
Return_data: None
Parallel   : ALL
Subtask_count: 1
Subtask_count_finished: 0
Predecessor_tasks: 
Arm_id              : RIGHT 
Target_arms_pose    : {Arm_pose_0: arm RIGHT, pose type ANGLE, joint:[0, 0, -115, 0, 90, 0] } 
Target_clamps_status: Clamp_status_0: CLOSE  
Clamp_speed         : 50 
arm_move_method     : XYZ 
click_length        : 0 


Task       : Task_manipulation Rec_cup_machine
Name       : right arm move to rec cup machine
Group_id   : 8
Index      : 2
Create_time: 1720630677765408515
Start_time : -999
End_time   : -999
Finsih_cb  : None
Status     : BEREADY
Result     : INVALID
Return_data: None
Parallel   : ALL
Subtask_count: 1
Subtask_count_finished: 0
Predecessor_tasks: [1:Task_manipulation Rec_cup_machine] 
Arm_id              : RIGHT 
Target_arms_pose    : {Arm_pose_0: arm RIGHT, pose type ANGLE, joint:[-135.79, 22.83, -152.09, 46.44, 56.43, 4.23] } 
Target_clamps_status: Clamp_status_0: DONTCANGE  
Clamp_speed         : 50 
arm_move_method     : XYZ 
click_length        : 0 


Task       : Task_image_rec COFFEE_MACHINE_SWITCH_ON
Name       : left camera rec coffee machine turn on
Group_id   : 8
Index      : 3
Create_time: 1720630677765433549
Start_time : -999
End_time   : -999
Finsih_cb  : None
Status     : BEREADY
Result     : INVALID
Return_data: None
Parallel   : ALL
Subtask_count: 1
Subtask_count_finished: 0
Predecessor_tasks: [0:Task_manipulation Rec_machine_switch] 
Camera_id: LEFT 
Snack_list: []
Need_modify_tasks: 
          [7:Task_manipulation Turn_on_coffee_machine]
 

Task       : Task_image_rec CUP_COFFEE_MACHINE
Name       : right camera rec cup machine
Group_id   : 8
Index      : 4
Create_time: 1720630677765457391
Start_time : -999
End_time   : -999
Finsih_cb  : None
Status     : BEREADY
Result     : INVALID
Return_data: None
Parallel   : ALL
Subtask_count: 1
Subtask_count_finished: 0
Predecessor_tasks: [2:Task_manipulation Rec_cup_machine] 
Camera_id: RIGHT 
Snack_list: []
Need_modify_tasks: 
          [5:Task_manipulation Grasp_cup_pre]
          [6:Task_manipulation Grasp_cup]
          [8:Task_manipulation Water_cup]
 

Task       : Task_manipulation Grasp_cup_pre
Name       : right arm grasp cup prepare
Group_id   : 8
Index      : 5
Create_time: 1720630677765491485
Start_time : -999
End_time   : -999
Finsih_cb  : None
Status     : NOTREADY
Result     : INVALID
Return_data: None
Parallel   : ALL
Subtask_count: 1
Subtask_count_finished: 0
Predecessor_tasks: 
Arm_id              : RIGHT 
Target_arms_pose    : {Arm_pose_0: arm RIGHT, pose type BASE_COORDS, coords:[250, -1, 220, 90, 0, 90] } 
Target_clamps_status: Clamp_status_0: OPEN  
Clamp_speed         : 50 
arm_move_method     : XYZ 
click_length        : 0 


Task       : Task_manipulation Grasp_cup
Name       : right arm grasp cup
Group_id   : 8
Index      : 6
Create_time: 1720630677765520811
Start_time : -999
End_time   : -999
Finsih_cb  : None
Status     : NOTREADY
Result     : INVALID
Return_data: None
Parallel   : ALL
Subtask_count: 1
Subtask_count_finished: 0
Predecessor_tasks: [5:Task_manipulation Grasp_cup_pre] 
Arm_id              : RIGHT 
Target_arms_pose    : {Arm_pose_0: arm RIGHT, pose type BASE_COORDS, coords:[-999, -999, 220, 90, 0, 90] } 
Target_clamps_status: Clamp_status_0: CLOSE  
Clamp_speed         : 50 
arm_move_method     : XYZ 
click_length        : 0 


Task       : Task_manipulation Turn_on_coffee_machine
Name       : left arm turn on machine prepare
Group_id   : 8
Index      : 7
Create_time: 1720630677765634298
Start_time : -999
End_time   : -999
Finsih_cb  : None
Status     : NOTREADY
Result     : INVALID
Return_data: None
Parallel   : ALL
Subtask_count: 1
Subtask_count_finished: 0
Predecessor_tasks: 
Arm_id              : LEFT 
Target_arms_pose    : {Arm_pose_0: arm LEFT, pose type BASE_COORDS, coords:[-999, -999, -999, -90, 0.0, -90] } 
Target_clamps_status: Clamp_status_0: CLOSE  
Clamp_speed         : 50 
arm_move_method     : Y_X_Z 
click_length        : 10 


Task       : Task_manipulation Water_cup
Name       : right arm water cup
Group_id   : 8
Index      : 8
Create_time: 1720630677765742301
Start_time : -999
End_time   : -999
Finsih_cb  : None
Status     : NOTREADY
Result     : INVALID
Return_data: None
Parallel   : ALL
Subtask_count: 1
Subtask_count_finished: 0
Predecessor_tasks: [6:Task_manipulation Grasp_cup] 
Arm_id              : RIGHT 
Target_arms_pose    : {Arm_pose_0: arm RIGHT, pose type BASE_COORDS, coords:[-999, -999, -999, 90, 0, 90] } 
Target_clamps_status: Clamp_status_0: DONTCANGE Clamp_status_1: DONTCANGE  
Clamp_speed         : 50 
arm_move_method     : X_YZ 
click_length        : 0 


Task       : Task_manipulation Rec_machine_switch
Name       : left arm move to rec coffee machine turn off
Group_id   : 8
Index      : 9
Create_time: 1720630677765776157
Start_time : -999
End_time   : -999
Finsih_cb  : None
Status     : BEREADY
Result     : INVALID
Return_data: None
Parallel   : ALL
Subtask_count: 1
Subtask_count_finished: 0
Predecessor_tasks: [7:Task_manipulation Turn_on_coffee_machine] 
Arm_id              : LEFT 
Target_arms_pose    : {Arm_pose_0: arm LEFT, pose type ANGLE, joint:[-71.36, -7.87, -155.8, 121.34, 73.92, 31.57] } 
Target_clamps_status: Clamp_status_0: CLOSE  
Clamp_speed         : 50 
arm_move_method     : X_YZ 
click_length        : 0 


Task       : Task_image_rec COFFEE_MACHINE_SWITCH_OFF
Name       : left camera rec coffee machine turn off
Group_id   : 8
Index      : 10
Create_time: 1720630677765803098
Start_time : -999
End_time   : -999
Finsih_cb  : None
Status     : BEREADY
Result     : INVALID
Return_data: None
Parallel   : ALL
Subtask_count: 1
Subtask_count_finished: 0
Predecessor_tasks: [9:Task_manipulation Rec_machine_switch] 
Camera_id: LEFT 
Snack_list: []
Need_modify_tasks: 
          [11:Task_manipulation Turn_off_coffee_machine]
 

Task       : Task_manipulation Turn_off_coffee_machine
Name       : left arm turn off machine
Group_id   : 8
Index      : 11
Create_time: 1720630677765902280
Start_time : -999
End_time   : -999
Finsih_cb  : None
Status     : NOTREADY
Result     : INVALID
Return_data: None
Parallel   : NOTALLOWED
Subtask_count: 1
Subtask_count_finished: 0
Predecessor_tasks: 
Arm_id              : LEFT 
Target_arms_pose    : {Arm_pose_0: arm LEFT, pose type BASE_COORDS, coords:[-999, -999, -999, -90, 0.0, -90] } 
Target_clamps_status: Clamp_status_0: DONTCANGE Clamp_status_1: DONTCANGE  
Clamp_speed         : 50 
arm_move_method     : Z_XY 
click_length        : -10 


Task       : Task_navigate Move_backward
Name       : 
Group_id   : 8
Index      : 12
Create_time: 1720630677765947341
Start_time : -999
End_time   : -999
Finsih_cb  : None
Status     : BEREADY
Result     : INVALID
Return_data: None
Parallel   : ALL
Subtask_count: 1
Subtask_count_finished: 0
Predecessor_tasks: 
back_meters: 0.6

Task       : Task_manipulation Move_to_IDLE
Name       : left arm move to idle
Group_id   : 8
Index      : 13
Create_time: 1720630677765972375
Start_time : -999
End_time   : -999
Finsih_cb  : None
Status     : BEREADY
Result     : INVALID
Return_data: None
Parallel   : ALL
Subtask_count: 1
Subtask_count_finished: 0
Predecessor_tasks: [12:Task_navigate Move_backward] 
Arm_id              : LEFT 
Target_arms_pose    : {Arm_pose_0: arm LEFT, pose type ANGLE, joint:[-48.48, 26.74, -87.21, 65.36, 46.82, 26.16] } 
Target_clamps_status: Clamp_status_0: DONTCANGE  
Clamp_speed         : 50 
arm_move_method     : XYZ 
click_length        : 0 


Task       : Task_manipulation Deliever_cup
Name       : right arm water delivery
Group_id   : 8
Index      : 14
Create_time: 1720630677766005516
Start_time : -999
End_time   : -999
Finsih_cb  : None
Status     : BEREADY
Result     : INVALID
Return_data: None
Parallel   : ALL
Subtask_count: 1
Subtask_count_finished: 0
Predecessor_tasks: [12:Task_navigate Move_backward] 
Arm_id              : RIGHT 
Target_arms_pose    : {Arm_pose_0: arm RIGHT, pose type BASE_COORDS, coords:[300, 0, 240, 90, 0, 90] } 
Target_clamps_status: Clamp_status_0: DONTCANGE  
Clamp_speed         : 50 
arm_move_method     : XYZ 
click_length        : 0 

--------------------------------------------------


07-11 15:48:12

--------------------------------------------------


Task       : Task_manipulation Rec_container
Name       : left arm move to rec container
Group_id   : 6
Index      : 0
Create_time: 1720712892849665164
Start_time : -999
End_time   : -999
Finsih_cb  : None
Status     : BEREADY
Result     : INVALID
Return_data: None
Parallel   : ALL
Subtask_count: 1
Subtask_count_finished: 0
Predecessor_tasks: 
Arm_id              : LEFT 
Target_arms_pose    : {Arm_pose_0: arm LEFT, pose type ANGLE, joint:[-48.48, 26.74, -87.21, 65.36, 46.82, 26.16] } 
Target_clamps_status: Clamp_status_0: CLOSE  
Clamp_speed         : 50 
arm_move_method     : XYZ 
click_length        : 0 


Task       : Task_manipulation Rec_container
Name       : right arm move to rec container
Group_id   : 6
Index      : 1
Create_time: 1720712892849695682
Start_time : -999
End_time   : -999
Finsih_cb  : None
Status     : BEREADY
Result     : INVALID
Return_data: None
Parallel   : ALL
Subtask_count: 1
Subtask_count_finished: 0
Predecessor_tasks: 
Arm_id              : RIGHT 
Target_arms_pose    : {Arm_pose_0: arm RIGHT, pose type ANGLE, joint:[48.48, 26.74, -87.21, -65.36, 46.82, -26.16] } 
Target_clamps_status: Clamp_status_0: CLOSE  
Clamp_speed         : 50 
arm_move_method     : XYZ 
click_length        : 0 


Task       : Task_image_rec CONTAINER
Name       : left camera rec container
Group_id   : 6
Index      : 2
Create_time: 1720712892849729537
Start_time : -999
End_time   : -999
Finsih_cb  : None
Status     : BEREADY
Result     : INVALID
Return_data: None
Parallel   : ALL
Subtask_count: 1
Subtask_count_finished: 0
Predecessor_tasks: [0:Task_manipulation Rec_container] 
Camera_id: LEFT 
Snack_list: []
Need_modify_tasks: 
          [9:Task_manipulation Lossen_snack]
          [12:Task_manipulation Lossen_snack]
          [14:Task_manipulation Grasp_container]
 

Task       : Task_image_rec CONTAINER
Name       : right camera rec container
Group_id   : 6
Index      : 3
Create_time: 1720712892849761009
Start_time : -999
End_time   : -999
Finsih_cb  : None
Status     : BEREADY
Result     : INVALID
Return_data: None
Parallel   : ALL
Subtask_count: 1
Subtask_count_finished: 0
Predecessor_tasks: [1:Task_manipulation Rec_container] 
Camera_id: RIGHT 
Snack_list: []
Need_modify_tasks: 
          [9:Task_manipulation Lossen_snack]
          [12:Task_manipulation Lossen_snack]
          [16:Task_manipulation Grasp_container]
 

Task       : Task_manipulation Rec_snack
Name       : left arm move to rec snack
Group_id   : 6
Index      : 4
Create_time: 1720712892849792957
Start_time : -999
End_time   : -999
Finsih_cb  : None
Status     : BEREADY
Result     : INVALID
Return_data: None
Parallel   : ALL
Subtask_count: 1
Subtask_count_finished: 0
Predecessor_tasks: [2:Task_image_rec CONTAINER] 
Arm_id              : LEFT 
Target_arms_pose    : {Arm_pose_0: arm LEFT, pose type ANGLE, joint:[-66.27, 5.44, -148.83, 123.8, 72.58, 24.6] } 
Target_clamps_status: Clamp_status_0: DONTCANGE  
Clamp_speed         : 50 
arm_move_method     : XYZ 
click_length        : 0 


Task       : Task_manipulation Rec_snack
Name       : right arm move to rec snack
Group_id   : 6
Index      : 5
Create_time: 1720712892849825859
Start_time : -999
End_time   : -999
Finsih_cb  : None
Status     : BEREADY
Result     : INVALID
Return_data: None
Parallel   : ALL
Subtask_count: 1
Subtask_count_finished: 0
Predecessor_tasks: [3:Task_image_rec CONTAINER] 
Arm_id              : RIGHT 
Target_arms_pose    : {Arm_pose_0: arm RIGHT, pose type ANGLE, joint:[66.27, 5.44, -148.83, -123.8, 72.58, -24.6] } 
Target_clamps_status: Clamp_status_0: DONTCANGE  
Clamp_speed         : 50 
arm_move_method     : XYZ 
click_length        : 0 


Task       : Task_image_rec SNACK
Name       : two arms rec snack
Group_id   : 6
Index      : 6
Create_time: 1720712892849861621
Start_time : -999
End_time   : -999
Finsih_cb  : None
Status     : BEREADY
Result     : INVALID
Return_data: None
Parallel   : NOTALLOWED
Subtask_count: 1
Subtask_count_finished: 0
Predecessor_tasks: [4:Task_manipulation Rec_snack] [5:Task_manipulation Rec_snack] 
Camera_id: LEFT_RIGHT 
Snack_list: ['id:1,name:YIDA,count:1', 'id:5,name:CHENPIDAN,count:1']
Need_modify_tasks: 
          [7:Task_manipulation Grasp_snack]
          [8:Task_manipulation Lossen_snack]
          [9:Task_manipulation Lossen_snack]
          [10:Task_manipulation Grasp_snack]
          [11:Task_manipulation Lossen_snack]
          [12:Task_manipulation Lossen_snack]
 

Task       : Task_manipulation Grasp_snack
Name       : 
Group_id   : 6
Index      : 7
Create_time: 1720712892849906206
Start_time : -999
End_time   : -999
Finsih_cb  : None
Status     : NOTREADY
Result     : INVALID
Return_data: None
Parallel   : ALL
Subtask_count: 1
Subtask_count_finished: 0
Predecessor_tasks: 
Arm_id              : TBD 
Target_arms_pose    : {Arm_pose_0: arm LEFT, pose type BASE_COORDS, coords:[-999, -999, -999, -90, 0.0, -90] 
                       Arm_pose_1: arm RIGHT, pose type BASE_COORDS, coords:[-999, -999, -999, 90, 0, 90] } 
Target_clamps_status: Clamp_status_0: OPEN_CLOSE  
Clamp_speed         : 50 
arm_move_method     : YZ_X 
click_length        : 0 


Task       : Task_manipulation Lossen_snack
Name       : task_placement_snack_middle
Group_id   : 6
Index      : 8
Create_time: 1720712892849939346
Start_time : -999
End_time   : -999
Finsih_cb  : None
Status     : NOTREADY
Result     : INVALID
Return_data: None
Parallel   : ALL
Subtask_count: 1
Subtask_count_finished: 0
Predecessor_tasks: [7:Task_manipulation Grasp_snack] 
Arm_id              : TBD 
Target_arms_pose    : {Arm_pose_0: arm LEFT, pose type BASE_COORDS, coords:[230, 170, 450, -180, 0, 0] 
                       Arm_pose_1: arm RIGHT, pose type BASE_COORDS, coords:[230, -170, 450, 180, 0, 0] } 
Target_clamps_status: Clamp_status_0: DONTCANGE Clamp_status_1: DONTCANGE  
Clamp_speed         : 50 
arm_move_method     : X_Y_Z_OTHER 
click_length        : 0 


Task       : Task_manipulation Lossen_snack
Name       : 
Group_id   : 6
Index      : 9
Create_time: 1720712892849973678
Start_time : -999
End_time   : -999
Finsih_cb  : None
Status     : NOTREADY
Result     : INVALID
Return_data: None
Parallel   : ALL
Subtask_count: 1
Subtask_count_finished: 0
Predecessor_tasks: [8:Task_manipulation Lossen_snack] 
Arm_id              : TBD 
Target_arms_pose    : {Arm_pose_0: arm LEFT, pose type BASE_COORDS, coords:[-999, -999, 380, -180, 0, 0] 
                       Arm_pose_1: arm RIGHT, pose type BASE_COORDS, coords:[-999, -999, 380, 180, 0, 0] } 
Target_clamps_status: Clamp_status_0: OPEN  
Clamp_speed         : 50 
arm_move_method     : X_YZ 
click_length        : 0 


Task       : Task_manipulation Grasp_snack
Name       : 
Group_id   : 6
Index      : 10
Create_time: 1720712892850024700
Start_time : -999
End_time   : -999
Finsih_cb  : None
Status     : NOTREADY
Result     : INVALID
Return_data: None
Parallel   : ALL
Subtask_count: 1
Subtask_count_finished: 0
Predecessor_tasks: 
Arm_id              : TBD 
Target_arms_pose    : {Arm_pose_0: arm LEFT, pose type BASE_COORDS, coords:[-999, -999, -999, -90, 0.0, -90] 
                       Arm_pose_1: arm RIGHT, pose type BASE_COORDS, coords:[-999, -999, -999, 90, 0, 90] } 
Target_clamps_status: Clamp_status_0: OPEN_CLOSE  
Clamp_speed         : 50 
arm_move_method     : YZ_X 
click_length        : 0 


Task       : Task_manipulation Lossen_snack
Name       : task_placement_snack_middle
Group_id   : 6
Index      : 11
Create_time: 1720712892850056648
Start_time : -999
End_time   : -999
Finsih_cb  : None
Status     : NOTREADY
Result     : INVALID
Return_data: None
Parallel   : ALL
Subtask_count: 1
Subtask_count_finished: 0
Predecessor_tasks: [10:Task_manipulation Grasp_snack] 
Arm_id              : TBD 
Target_arms_pose    : {Arm_pose_0: arm LEFT, pose type BASE_COORDS, coords:[230, 170, 450, -180, 0, 0] 
                       Arm_pose_1: arm RIGHT, pose type BASE_COORDS, coords:[230, -170, 450, 180, 0, 0] } 
Target_clamps_status: Clamp_status_0: DONTCANGE Clamp_status_1: DONTCANGE  
Clamp_speed         : 50 
arm_move_method     : X_Y_Z_OTHER 
click_length        : 0 


Task       : Task_manipulation Lossen_snack
Name       : 
Group_id   : 6
Index      : 12
Create_time: 1720712892850095272
Start_time : -999
End_time   : -999
Finsih_cb  : None
Status     : NOTREADY
Result     : INVALID
Return_data: None
Parallel   : ALL
Subtask_count: 1
Subtask_count_finished: 0
Predecessor_tasks: [11:Task_manipulation Lossen_snack] 
Arm_id              : TBD 
Target_arms_pose    : {Arm_pose_0: arm LEFT, pose type BASE_COORDS, coords:[-999, -999, 380, -180, 0, 0] 
                       Arm_pose_1: arm RIGHT, pose type BASE_COORDS, coords:[-999, -999, 380, 180, 0, 0] } 
Target_clamps_status: Clamp_status_0: OPEN  
Clamp_speed         : 50 
arm_move_method     : X_YZ 
click_length        : 0 


Task       : Task_function PAUSE
Name       : function pause
Group_id   : 6
Index      : 13
Create_time: 1720712892850139379
Start_time : -999
End_time   : -999
Finsih_cb  : None
Status     : BEREADY
Result     : INVALID
Return_data: None
Parallel   : NOTALLOWED
Subtask_count: 1
Subtask_count_finished: 0
Predecessor_tasks: 


Task       : Task_manipulation Grasp_container
Name       : left arm grap container prepare
Group_id   : 6
Index      : 14
Create_time: 1720712892850280523
Start_time : -999
End_time   : -999
Finsih_cb  : None
Status     : NOTREADY
Result     : INVALID
Return_data: None
Parallel   : ALL
Subtask_count: 1
Subtask_count_finished: 0
Predecessor_tasks: [13:Task_function PAUSE] 
Arm_id              : LEFT 
Target_arms_pose    : {Arm_pose_0: arm LEFT, pose type BASE_COORDS, coords:[-999, -999, 400, -180, 0.0, -90] } 
Target_clamps_status: Clamp_status_0: OPEN  
Clamp_speed         : 50 
arm_move_method     : Z_XY 
click_length        : 0 


Task       : Task_manipulation Grasp_container
Name       : left arm grap container
Group_id   : 6
Index      : 15
Create_time: 1720712892850417137
Start_time : -999
End_time   : -999
Finsih_cb  : None
Status     : BEREADY
Result     : INVALID
Return_data: None
Parallel   : ALL
Subtask_count: 1
Subtask_count_finished: 0
Predecessor_tasks: [14:Task_manipulation Grasp_container] 
Arm_id              : LEFT 
Target_arms_pose    : {Arm_pose_0: arm LEFT, pose type BASE_COORDS, coords:[0, 0, -40, 0, 0, 0] } 
Target_clamps_status: Clamp_status_0: CLOSE  
Clamp_speed         : 50 
arm_move_method     : MODIFY_Z 
click_length        : 0 


Task       : Task_manipulation Grasp_container
Name       : right arm grap container prepare
Group_id   : 6
Index      : 16
Create_time: 1720712892850541353
Start_time : -999
End_time   : -999
Finsih_cb  : None
Status     : NOTREADY
Result     : INVALID
Return_data: None
Parallel   : ALL
Subtask_count: 1
Subtask_count_finished: 0
Predecessor_tasks: [13:Task_function PAUSE] 
Arm_id              : RIGHT 
Target_arms_pose    : {Arm_pose_0: arm RIGHT, pose type BASE_COORDS, coords:[-1, -1, 400, -180, 0.0, 90] } 
Target_clamps_status: Clamp_status_0: OPEN  
Clamp_speed         : 50 
arm_move_method     : Z_XY 
click_length        : 0 


Task       : Task_manipulation Grasp_container
Name       : right arm grap container
Group_id   : 6
Index      : 17
Create_time: 1720712892850674390
Start_time : -999
End_time   : -999
Finsih_cb  : None
Status     : BEREADY
Result     : INVALID
Return_data: None
Parallel   : ALL
Subtask_count: 1
Subtask_count_finished: 0
Predecessor_tasks: [16:Task_manipulation Grasp_container] 
Arm_id              : RIGHT 
Target_arms_pose    : {Arm_pose_0: arm RIGHT, pose type BASE_COORDS, coords:[0, 0, -40, 0, 0, 0] } 
Target_clamps_status: Clamp_status_0: CLOSE  
Clamp_speed         : 50 
arm_move_method     : MODIFY_Z 
click_length        : 0 


Task       : Task_manipulation Deliever_container
Name       : two arms dilivery container
Group_id   : 6
Index      : 18
Create_time: 1720712892850712299
Start_time : -999
End_time   : -999
Finsih_cb  : None
Status     : BEREADY
Result     : INVALID
Return_data: None
Parallel   : ALL
Subtask_count: 2
Subtask_count_finished: 0
Predecessor_tasks: [15:Task_manipulation Grasp_container] [17:Task_manipulation Grasp_container] 
Arm_id              : LEFT_RIGHT 
Target_arms_pose    : {Arm_pose_0: arm LEFT, pose type BASE_COORDS, coords:[0, 0, 20, 0, 0, 0] 
                       Arm_pose_1: arm RIGHT, pose type BASE_COORDS, coords:[0, 0, 20, 0, 0, 0] } 
Target_clamps_status: Clamp_status_0: DONTCANGE Clamp_status_1: DONTCANGE  
Clamp_speed         : 50 
arm_move_method     : MODIFY_Z 
click_length        : 0 

--------------------------------------------------


07-11 15:48:40

--------------------------------------------------


Task       : Task_manipulation Rec_container
Name       : left arm move to rec container
Group_id   : 6
Index      : 0
Create_time: 1720712920943017244
Start_time : -999
End_time   : -999
Finsih_cb  : None
Status     : BEREADY
Result     : INVALID
Return_data: None
Parallel   : ALL
Subtask_count: 1
Subtask_count_finished: 0
Predecessor_tasks: 
Arm_id              : LEFT 
Target_arms_pose    : {Arm_pose_0: arm LEFT, pose type ANGLE, joint:[-48.48, 26.74, -87.21, 65.36, 46.82, 26.16] } 
Target_clamps_status: Clamp_status_0: CLOSE  
Clamp_speed         : 50 
arm_move_method     : XYZ 
click_length        : 0 


Task       : Task_manipulation Rec_container
Name       : right arm move to rec container
Group_id   : 6
Index      : 1
Create_time: 1720712920943053245
Start_time : -999
End_time   : -999
Finsih_cb  : None
Status     : BEREADY
Result     : INVALID
Return_data: None
Parallel   : ALL
Subtask_count: 1
Subtask_count_finished: 0
Predecessor_tasks: 
Arm_id              : RIGHT 
Target_arms_pose    : {Arm_pose_0: arm RIGHT, pose type ANGLE, joint:[48.48, 26.74, -87.21, -65.36, 46.82, -26.16] } 
Target_clamps_status: Clamp_status_0: CLOSE  
Clamp_speed         : 50 
arm_move_method     : XYZ 
click_length        : 0 


Task       : Task_image_rec CONTAINER
Name       : left camera rec container
Group_id   : 6
Index      : 2
Create_time: 1720712920943107366
Start_time : -999
End_time   : -999
Finsih_cb  : None
Status     : BEREADY
Result     : INVALID
Return_data: None
Parallel   : ALL
Subtask_count: 1
Subtask_count_finished: 0
Predecessor_tasks: [0:Task_manipulation Rec_container] 
Camera_id: LEFT 
Snack_list: []
Need_modify_tasks: 
          [9:Task_manipulation Lossen_snack]
          [12:Task_manipulation Lossen_snack]
          [14:Task_manipulation Grasp_container]
 

Task       : Task_image_rec CONTAINER
Name       : right camera rec container
Group_id   : 6
Index      : 3
Create_time: 1720712920943148851
Start_time : -999
End_time   : -999
Finsih_cb  : None
Status     : BEREADY
Result     : INVALID
Return_data: None
Parallel   : ALL
Subtask_count: 1
Subtask_count_finished: 0
Predecessor_tasks: [1:Task_manipulation Rec_container] 
Camera_id: RIGHT 
Snack_list: []
Need_modify_tasks: 
          [9:Task_manipulation Lossen_snack]
          [12:Task_manipulation Lossen_snack]
          [16:Task_manipulation Grasp_container]
 

Task       : Task_manipulation Rec_snack
Name       : left arm move to rec snack
Group_id   : 6
Index      : 4
Create_time: 1720712920943184614
Start_time : -999
End_time   : -999
Finsih_cb  : None
Status     : BEREADY
Result     : INVALID
Return_data: None
Parallel   : ALL
Subtask_count: 1
Subtask_count_finished: 0
Predecessor_tasks: [2:Task_image_rec CONTAINER] 
Arm_id              : LEFT 
Target_arms_pose    : {Arm_pose_0: arm LEFT, pose type ANGLE, joint:[-66.27, 5.44, -148.83, 123.8, 72.58, 24.6] } 
Target_clamps_status: Clamp_status_0: DONTCANGE  
Clamp_speed         : 50 
arm_move_method     : XYZ 
click_length        : 0 


Task       : Task_manipulation Rec_snack
Name       : right arm move to rec snack
Group_id   : 6
Index      : 5
Create_time: 1720712920943221807
Start_time : -999
End_time   : -999
Finsih_cb  : None
Status     : BEREADY
Result     : INVALID
Return_data: None
Parallel   : ALL
Subtask_count: 1
Subtask_count_finished: 0
Predecessor_tasks: [3:Task_image_rec CONTAINER] 
Arm_id              : RIGHT 
Target_arms_pose    : {Arm_pose_0: arm RIGHT, pose type ANGLE, joint:[66.27, 5.44, -148.83, -123.8, 72.58, -24.6] } 
Target_clamps_status: Clamp_status_0: DONTCANGE  
Clamp_speed         : 50 
arm_move_method     : XYZ 
click_length        : 0 


Task       : Task_image_rec SNACK
Name       : two arms rec snack
Group_id   : 6
Index      : 6
Create_time: 1720712920943255901
Start_time : -999
End_time   : -999
Finsih_cb  : None
Status     : BEREADY
Result     : INVALID
Return_data: None
Parallel   : NOTALLOWED
Subtask_count: 1
Subtask_count_finished: 0
Predecessor_tasks: [4:Task_manipulation Rec_snack] [5:Task_manipulation Rec_snack] 
Camera_id: LEFT_RIGHT 
Snack_list: ['id:1,name:YIDA,count:1', 'id:5,name:CHENPIDAN,count:1']
Need_modify_tasks: 
          [7:Task_manipulation Grasp_snack]
          [8:Task_manipulation Lossen_snack]
          [9:Task_manipulation Lossen_snack]
          [10:Task_manipulation Grasp_snack]
          [11:Task_manipulation Lossen_snack]
          [12:Task_manipulation Lossen_snack]
 

Task       : Task_manipulation Grasp_snack
Name       : 
Group_id   : 6
Index      : 7
Create_time: 1720712920943306207
Start_time : -999
End_time   : -999
Finsih_cb  : None
Status     : NOTREADY
Result     : INVALID
Return_data: None
Parallel   : ALL
Subtask_count: 1
Subtask_count_finished: 0
Predecessor_tasks: 
Arm_id              : TBD 
Target_arms_pose    : {Arm_pose_0: arm LEFT, pose type BASE_COORDS, coords:[-999, -999, -999, -90, 0.0, -90] 
                       Arm_pose_1: arm RIGHT, pose type BASE_COORDS, coords:[-999, -999, -999, 90, 0, 90] } 
Target_clamps_status: Clamp_status_0: OPEN_CLOSE  
Clamp_speed         : 50 
arm_move_method     : YZ_X 
click_length        : 0 


Task       : Task_manipulation Lossen_snack
Name       : task_placement_snack_middle
Group_id   : 6
Index      : 8
Create_time: 1720712920943344116
Start_time : -999
End_time   : -999
Finsih_cb  : None
Status     : NOTREADY
Result     : INVALID
Return_data: None
Parallel   : ALL
Subtask_count: 1
Subtask_count_finished: 0
Predecessor_tasks: [7:Task_manipulation Grasp_snack] 
Arm_id              : TBD 
Target_arms_pose    : {Arm_pose_0: arm LEFT, pose type BASE_COORDS, coords:[230, 170, 450, -180, 0, 0] 
                       Arm_pose_1: arm RIGHT, pose type BASE_COORDS, coords:[230, -170, 450, 180, 0, 0] } 
Target_clamps_status: Clamp_status_0: DONTCANGE Clamp_status_1: DONTCANGE  
Clamp_speed         : 50 
arm_move_method     : X_Y_Z_OTHER 
click_length        : 0 


Task       : Task_manipulation Lossen_snack
Name       : 
Group_id   : 6
Index      : 9
Create_time: 1720712920943382501
Start_time : -999
End_time   : -999
Finsih_cb  : None
Status     : NOTREADY
Result     : INVALID
Return_data: None
Parallel   : ALL
Subtask_count: 1
Subtask_count_finished: 0
Predecessor_tasks: [8:Task_manipulation Lossen_snack] 
Arm_id              : TBD 
Target_arms_pose    : {Arm_pose_0: arm LEFT, pose type BASE_COORDS, coords:[-999, -999, 380, -180, 0, 0] 
                       Arm_pose_1: arm RIGHT, pose type BASE_COORDS, coords:[-999, -999, 380, 180, 0, 0] } 
Target_clamps_status: Clamp_status_0: OPEN  
Clamp_speed         : 50 
arm_move_method     : X_YZ 
click_length        : 0 


Task       : Task_manipulation Grasp_snack
Name       : 
Group_id   : 6
Index      : 10
Create_time: 1720712920943439245
Start_time : -999
End_time   : -999
Finsih_cb  : None
Status     : NOTREADY
Result     : INVALID
Return_data: None
Parallel   : ALL
Subtask_count: 1
Subtask_count_finished: 0
Predecessor_tasks: 
Arm_id              : TBD 
Target_arms_pose    : {Arm_pose_0: arm LEFT, pose type BASE_COORDS, coords:[-999, -999, -999, -90, 0.0, -90] 
                       Arm_pose_1: arm RIGHT, pose type BASE_COORDS, coords:[-999, -999, -999, 90, 0, 90] } 
Target_clamps_status: Clamp_status_0: OPEN_CLOSE  
Clamp_speed         : 50 
arm_move_method     : YZ_X 
click_length        : 0 


Task       : Task_manipulation Lossen_snack
Name       : task_placement_snack_middle
Group_id   : 6
Index      : 11
Create_time: 1720712920943482398
Start_time : -999
End_time   : -999
Finsih_cb  : None
Status     : NOTREADY
Result     : INVALID
Return_data: None
Parallel   : ALL
Subtask_count: 1
Subtask_count_finished: 0
Predecessor_tasks: [10:Task_manipulation Grasp_snack] 
Arm_id              : TBD 
Target_arms_pose    : {Arm_pose_0: arm LEFT, pose type BASE_COORDS, coords:[230, 170, 450, -180, 0, 0] 
                       Arm_pose_1: arm RIGHT, pose type BASE_COORDS, coords:[230, -170, 450, 180, 0, 0] } 
Target_clamps_status: Clamp_status_0: DONTCANGE Clamp_status_1: DONTCANGE  
Clamp_speed         : 50 
arm_move_method     : X_Y_Z_OTHER 
click_length        : 0 


Task       : Task_manipulation Lossen_snack
Name       : 
Group_id   : 6
Index      : 12
Create_time: 1720712920943525314
Start_time : -999
End_time   : -999
Finsih_cb  : None
Status     : NOTREADY
Result     : INVALID
Return_data: None
Parallel   : ALL
Subtask_count: 1
Subtask_count_finished: 0
Predecessor_tasks: [11:Task_manipulation Lossen_snack] 
Arm_id              : TBD 
Target_arms_pose    : {Arm_pose_0: arm LEFT, pose type BASE_COORDS, coords:[-999, -999, 380, -180, 0, 0] 
                       Arm_pose_1: arm RIGHT, pose type BASE_COORDS, coords:[-999, -999, 380, 180, 0, 0] } 
Target_clamps_status: Clamp_status_0: OPEN  
Clamp_speed         : 50 
arm_move_method     : X_YZ 
click_length        : 0 


Task       : Task_function PAUSE
Name       : function pause
Group_id   : 6
Index      : 13
Create_time: 1720712920943576574
Start_time : -999
End_time   : -999
Finsih_cb  : None
Status     : BEREADY
Result     : INVALID
Return_data: None
Parallel   : NOTALLOWED
Subtask_count: 1
Subtask_count_finished: 0
Predecessor_tasks: 


Task       : Task_manipulation Grasp_container
Name       : left arm grap container prepare
Group_id   : 6
Index      : 14
Create_time: 1720712920943735361
Start_time : -999
End_time   : -999
Finsih_cb  : None
Status     : NOTREADY
Result     : INVALID
Return_data: None
Parallel   : ALL
Subtask_count: 1
Subtask_count_finished: 0
Predecessor_tasks: [13:Task_function PAUSE] 
Arm_id              : LEFT 
Target_arms_pose    : {Arm_pose_0: arm LEFT, pose type BASE_COORDS, coords:[-999, -999, 400, -180, 0.0, -90] } 
Target_clamps_status: Clamp_status_0: OPEN  
Clamp_speed         : 50 
arm_move_method     : Z_XY 
click_length        : 0 


Task       : Task_manipulation Grasp_container
Name       : left arm grap container
Group_id   : 6
Index      : 15
Create_time: 1720712920943882226
Start_time : -999
End_time   : -999
Finsih_cb  : None
Status     : BEREADY
Result     : INVALID
Return_data: None
Parallel   : ALL
Subtask_count: 1
Subtask_count_finished: 0
Predecessor_tasks: [14:Task_manipulation Grasp_container] 
Arm_id              : LEFT 
Target_arms_pose    : {Arm_pose_0: arm LEFT, pose type BASE_COORDS, coords:[0, 0, -40, 0, 0, 0] } 
Target_clamps_status: Clamp_status_0: CLOSE  
Clamp_speed         : 50 
arm_move_method     : MODIFY_Z 
click_length        : 0 


Task       : Task_manipulation Grasp_container
Name       : right arm grap container prepare
Group_id   : 6
Index      : 16
Create_time: 1720712920944020986
Start_time : -999
End_time   : -999
Finsih_cb  : None
Status     : NOTREADY
Result     : INVALID
Return_data: None
Parallel   : ALL
Subtask_count: 1
Subtask_count_finished: 0
Predecessor_tasks: [13:Task_function PAUSE] 
Arm_id              : RIGHT 
Target_arms_pose    : {Arm_pose_0: arm RIGHT, pose type BASE_COORDS, coords:[-1, -1, 400, -180, 0.0, 90] } 
Target_clamps_status: Clamp_status_0: OPEN  
Clamp_speed         : 50 
arm_move_method     : Z_XY 
click_length        : 0 


Task       : Task_manipulation Grasp_container
Name       : right arm grap container
Group_id   : 6
Index      : 17
Create_time: 1720712920944172143
Start_time : -999
End_time   : -999
Finsih_cb  : None
Status     : BEREADY
Result     : INVALID
Return_data: None
Parallel   : ALL
Subtask_count: 1
Subtask_count_finished: 0
Predecessor_tasks: [16:Task_manipulation Grasp_container] 
Arm_id              : RIGHT 
Target_arms_pose    : {Arm_pose_0: arm RIGHT, pose type BASE_COORDS, coords:[0, 0, -40, 0, 0, 0] } 
Target_clamps_status: Clamp_status_0: CLOSE  
Clamp_speed         : 50 
arm_move_method     : MODIFY_Z 
click_length        : 0 


Task       : Task_manipulation Deliever_container
Name       : two arms dilivery container
Group_id   : 6
Index      : 18
Create_time: 1720712920944216489
Start_time : -999
End_time   : -999
Finsih_cb  : None
Status     : BEREADY
Result     : INVALID
Return_data: None
Parallel   : ALL
Subtask_count: 2
Subtask_count_finished: 0
Predecessor_tasks: [15:Task_manipulation Grasp_container] [17:Task_manipulation Grasp_container] 
Arm_id              : LEFT_RIGHT 
Target_arms_pose    : {Arm_pose_0: arm LEFT, pose type BASE_COORDS, coords:[0, 0, 20, 0, 0, 0] 
                       Arm_pose_1: arm RIGHT, pose type BASE_COORDS, coords:[0, 0, 20, 0, 0, 0] } 
Target_clamps_status: Clamp_status_0: DONTCANGE Clamp_status_1: DONTCANGE  
Clamp_speed         : 50 
arm_move_method     : MODIFY_Z 
click_length        : 0 

--------------------------------------------------


07-11 15:49:14

--------------------------------------------------


Task       : Task_manipulation Rec_container
Name       : left arm move to rec container
Group_id   : 6
Index      : 0
Create_time: 1720712954881127595
Start_time : -999
End_time   : -999
Finsih_cb  : None
Status     : BEREADY
Result     : INVALID
Return_data: None
Parallel   : ALL
Subtask_count: 1
Subtask_count_finished: 0
Predecessor_tasks: 
Arm_id              : LEFT 
Target_arms_pose    : {Arm_pose_0: arm LEFT, pose type ANGLE, joint:[-48.48, 26.74, -87.21, 65.36, 46.82, 26.16] } 
Target_clamps_status: Clamp_status_0: CLOSE  
Clamp_speed         : 50 
arm_move_method     : XYZ 
click_length        : 0 


Task       : Task_manipulation Rec_container
Name       : right arm move to rec container
Group_id   : 6
Index      : 1
Create_time: 1720712954881164073
Start_time : -999
End_time   : -999
Finsih_cb  : None
Status     : BEREADY
Result     : INVALID
Return_data: None
Parallel   : ALL
Subtask_count: 1
Subtask_count_finished: 0
Predecessor_tasks: 
Arm_id              : RIGHT 
Target_arms_pose    : {Arm_pose_0: arm RIGHT, pose type ANGLE, joint:[48.48, 26.74, -87.21, -65.36, 46.82, -26.16] } 
Target_clamps_status: Clamp_status_0: CLOSE  
Clamp_speed         : 50 
arm_move_method     : XYZ 
click_length        : 0 


Task       : Task_image_rec CONTAINER
Name       : left camera rec container
Group_id   : 6
Index      : 2
Create_time: 1720712954881207704
Start_time : -999
End_time   : -999
Finsih_cb  : None
Status     : BEREADY
Result     : INVALID
Return_data: None
Parallel   : ALL
Subtask_count: 1
Subtask_count_finished: 0
Predecessor_tasks: [0:Task_manipulation Rec_container] 
Camera_id: LEFT 
Snack_list: []
Need_modify_tasks: 
          [9:Task_manipulation Lossen_snack]
          [12:Task_manipulation Lossen_snack]
          [14:Task_manipulation Grasp_container]
 

Task       : Task_image_rec CONTAINER
Name       : right camera rec container
Group_id   : 6
Index      : 3
Create_time: 1720712954881242513
Start_time : -999
End_time   : -999
Finsih_cb  : None
Status     : BEREADY
Result     : INVALID
Return_data: None
Parallel   : ALL
Subtask_count: 1
Subtask_count_finished: 0
Predecessor_tasks: [1:Task_manipulation Rec_container] 
Camera_id: RIGHT 
Snack_list: []
Need_modify_tasks: 
          [9:Task_manipulation Lossen_snack]
          [12:Task_manipulation Lossen_snack]
          [16:Task_manipulation Grasp_container]
 

Task       : Task_manipulation Rec_snack
Name       : left arm move to rec snack
Group_id   : 6
Index      : 4
Create_time: 1720712954881291151
Start_time : -999
End_time   : -999
Finsih_cb  : None
Status     : BEREADY
Result     : INVALID
Return_data: None
Parallel   : ALL
Subtask_count: 1
Subtask_count_finished: 0
Predecessor_tasks: [2:Task_image_rec CONTAINER] 
Arm_id              : LEFT 
Target_arms_pose    : {Arm_pose_0: arm LEFT, pose type ANGLE, joint:[-66.27, 5.44, -148.83, 123.8, 72.58, 24.6] } 
Target_clamps_status: Clamp_status_0: DONTCANGE  
Clamp_speed         : 50 
arm_move_method     : XYZ 
click_length        : 0 


Task       : Task_manipulation Rec_snack
Name       : right arm move to rec snack
Group_id   : 6
Index      : 5
Create_time: 1720712954881328582
Start_time : -999
End_time   : -999
Finsih_cb  : None
Status     : BEREADY
Result     : INVALID
Return_data: None
Parallel   : ALL
Subtask_count: 1
Subtask_count_finished: 0
Predecessor_tasks: [3:Task_image_rec CONTAINER] 
Arm_id              : RIGHT 
Target_arms_pose    : {Arm_pose_0: arm RIGHT, pose type ANGLE, joint:[66.27, 5.44, -148.83, -123.8, 72.58, -24.6] } 
Target_clamps_status: Clamp_status_0: DONTCANGE  
Clamp_speed         : 50 
arm_move_method     : XYZ 
click_length        : 0 


Task       : Task_image_rec SNACK
Name       : two arms rec snack
Group_id   : 6
Index      : 6
Create_time: 1720712954881363391
Start_time : -999
End_time   : -999
Finsih_cb  : None
Status     : BEREADY
Result     : INVALID
Return_data: None
Parallel   : NOTALLOWED
Subtask_count: 1
Subtask_count_finished: 0
Predecessor_tasks: [4:Task_manipulation Rec_snack] [5:Task_manipulation Rec_snack] 
Camera_id: LEFT_RIGHT 
Snack_list: ['id:1,name:YIDA,count:1', 'id:5,name:CHENPIDAN,count:1']
Need_modify_tasks: 
          [7:Task_manipulation Grasp_snack]
          [8:Task_manipulation Lossen_snack]
          [9:Task_manipulation Lossen_snack]
          [10:Task_manipulation Grasp_snack]
          [11:Task_manipulation Lossen_snack]
          [12:Task_manipulation Lossen_snack]
 

Task       : Task_manipulation Grasp_snack
Name       : 
Group_id   : 6
Index      : 7
Create_time: 1720712954881412029
Start_time : -999
End_time   : -999
Finsih_cb  : None
Status     : NOTREADY
Result     : INVALID
Return_data: None
Parallel   : ALL
Subtask_count: 1
Subtask_count_finished: 0
Predecessor_tasks: 
Arm_id              : TBD 
Target_arms_pose    : {Arm_pose_0: arm LEFT, pose type BASE_COORDS, coords:[-999, -999, -999, -90, 0.0, -90] 
                       Arm_pose_1: arm RIGHT, pose type BASE_COORDS, coords:[-999, -999, -999, 90, 0, 90] } 
Target_clamps_status: Clamp_status_0: OPEN_CLOSE  
Clamp_speed         : 50 
arm_move_method     : YZ_X 
click_length        : 0 


Task       : Task_manipulation Lossen_snack
Name       : task_placement_snack_middle
Group_id   : 6
Index      : 8
Create_time: 1720712954881462097
Start_time : -999
End_time   : -999
Finsih_cb  : None
Status     : NOTREADY
Result     : INVALID
Return_data: None
Parallel   : ALL
Subtask_count: 1
Subtask_count_finished: 0
Predecessor_tasks: [7:Task_manipulation Grasp_snack] 
Arm_id              : TBD 
Target_arms_pose    : {Arm_pose_0: arm LEFT, pose type BASE_COORDS, coords:[230, 170, 450, -180, 0, 0] 
                       Arm_pose_1: arm RIGHT, pose type BASE_COORDS, coords:[230, -170, 450, 180, 0, 0] } 
Target_clamps_status: Clamp_status_0: DONTCANGE Clamp_status_1: DONTCANGE  
Clamp_speed         : 50 
arm_move_method     : X_Y_Z_OTHER 
click_length        : 0 


Task       : Task_manipulation Lossen_snack
Name       : 
Group_id   : 6
Index      : 9
Create_time: 1720712954881496906
Start_time : -999
End_time   : -999
Finsih_cb  : None
Status     : NOTREADY
Result     : INVALID
Return_data: None
Parallel   : ALL
Subtask_count: 1
Subtask_count_finished: 0
Predecessor_tasks: [8:Task_manipulation Lossen_snack] 
Arm_id              : TBD 
Target_arms_pose    : {Arm_pose_0: arm LEFT, pose type BASE_COORDS, coords:[-999, -999, 380, -180, 0, 0] 
                       Arm_pose_1: arm RIGHT, pose type BASE_COORDS, coords:[-999, -999, 380, 180, 0, 0] } 
Target_clamps_status: Clamp_status_0: OPEN  
Clamp_speed         : 50 
arm_move_method     : X_YZ 
click_length        : 0 


Task       : Task_manipulation Grasp_snack
Name       : 
Group_id   : 6
Index      : 10
Create_time: 1720712954881549119
Start_time : -999
End_time   : -999
Finsih_cb  : None
Status     : NOTREADY
Result     : INVALID
Return_data: None
Parallel   : ALL
Subtask_count: 1
Subtask_count_finished: 0
Predecessor_tasks: 
Arm_id              : TBD 
Target_arms_pose    : {Arm_pose_0: arm LEFT, pose type BASE_COORDS, coords:[-999, -999, -999, -90, 0.0, -90] 
                       Arm_pose_1: arm RIGHT, pose type BASE_COORDS, coords:[-999, -999, -999, 90, 0, 90] } 
Target_clamps_status: Clamp_status_0: OPEN_CLOSE  
Clamp_speed         : 50 
arm_move_method     : YZ_X 
click_length        : 0 


Task       : Task_manipulation Lossen_snack
Name       : task_placement_snack_middle
Group_id   : 6
Index      : 11
Create_time: 1720712954881588459
Start_time : -999
End_time   : -999
Finsih_cb  : None
Status     : NOTREADY
Result     : INVALID
Return_data: None
Parallel   : ALL
Subtask_count: 1
Subtask_count_finished: 0
Predecessor_tasks: [10:Task_manipulation Grasp_snack] 
Arm_id              : TBD 
Target_arms_pose    : {Arm_pose_0: arm LEFT, pose type BASE_COORDS, coords:[230, 170, 450, -180, 0, 0] 
                       Arm_pose_1: arm RIGHT, pose type BASE_COORDS, coords:[230, -170, 450, 180, 0, 0] } 
Target_clamps_status: Clamp_status_0: DONTCANGE Clamp_status_1: DONTCANGE  
Clamp_speed         : 50 
arm_move_method     : X_Y_Z_OTHER 
click_length        : 0 


Task       : Task_manipulation Lossen_snack
Name       : 
Group_id   : 6
Index      : 12
Create_time: 1720712954881627798
Start_time : -999
End_time   : -999
Finsih_cb  : None
Status     : NOTREADY
Result     : INVALID
Return_data: None
Parallel   : ALL
Subtask_count: 1
Subtask_count_finished: 0
Predecessor_tasks: [11:Task_manipulation Lossen_snack] 
Arm_id              : TBD 
Target_arms_pose    : {Arm_pose_0: arm LEFT, pose type BASE_COORDS, coords:[-999, -999, 380, -180, 0, 0] 
                       Arm_pose_1: arm RIGHT, pose type BASE_COORDS, coords:[-999, -999, 380, 180, 0, 0] } 
Target_clamps_status: Clamp_status_0: OPEN  
Clamp_speed         : 50 
arm_move_method     : X_YZ 
click_length        : 0 


Task       : Task_function PAUSE
Name       : function pause
Group_id   : 6
Index      : 13
Create_time: 1720712954881674289
Start_time : -999
End_time   : -999
Finsih_cb  : None
Status     : BEREADY
Result     : INVALID
Return_data: None
Parallel   : NOTALLOWED
Subtask_count: 1
Subtask_count_finished: 0
Predecessor_tasks: 


Task       : Task_manipulation Grasp_container
Name       : left arm grap container prepare
Group_id   : 6
Index      : 14
Create_time: 1720712954881816864
Start_time : -999
End_time   : -999
Finsih_cb  : None
Status     : NOTREADY
Result     : INVALID
Return_data: None
Parallel   : ALL
Subtask_count: 1
Subtask_count_finished: 0
Predecessor_tasks: [13:Task_function PAUSE] 
Arm_id              : LEFT 
Target_arms_pose    : {Arm_pose_0: arm LEFT, pose type BASE_COORDS, coords:[-999, -999, 400, -180, 0.0, -90] } 
Target_clamps_status: Clamp_status_0: OPEN  
Clamp_speed         : 50 
arm_move_method     : Z_XY 
click_length        : 0 


Task       : Task_manipulation Grasp_container
Name       : left arm grap container
Group_id   : 6
Index      : 15
Create_time: 1720712954881951093
Start_time : -999
End_time   : -999
Finsih_cb  : None
Status     : BEREADY
Result     : INVALID
Return_data: None
Parallel   : ALL
Subtask_count: 1
Subtask_count_finished: 0
Predecessor_tasks: [14:Task_manipulation Grasp_container] 
Arm_id              : LEFT 
Target_arms_pose    : {Arm_pose_0: arm LEFT, pose type BASE_COORDS, coords:[0, 0, -40, 0, 0, 0] } 
Target_clamps_status: Clamp_status_0: CLOSE  
Clamp_speed         : 50 
arm_move_method     : MODIFY_Z 
click_length        : 0 


Task       : Task_manipulation Grasp_container
Name       : right arm grap container prepare
Group_id   : 6
Index      : 16
Create_time: 1720712954882076501
Start_time : -999
End_time   : -999
Finsih_cb  : None
Status     : NOTREADY
Result     : INVALID
Return_data: None
Parallel   : ALL
Subtask_count: 1
Subtask_count_finished: 0
Predecessor_tasks: [13:Task_function PAUSE] 
Arm_id              : RIGHT 
Target_arms_pose    : {Arm_pose_0: arm RIGHT, pose type BASE_COORDS, coords:[-1, -1, 400, -180, 0.0, 90] } 
Target_clamps_status: Clamp_status_0: OPEN  
Clamp_speed         : 50 
arm_move_method     : Z_XY 
click_length        : 0 


Task       : Task_manipulation Grasp_container
Name       : right arm grap container
Group_id   : 6
Index      : 17
Create_time: 1720712954882210731
Start_time : -999
End_time   : -999
Finsih_cb  : None
Status     : BEREADY
Result     : INVALID
Return_data: None
Parallel   : ALL
Subtask_count: 1
Subtask_count_finished: 0
Predecessor_tasks: [16:Task_manipulation Grasp_container] 
Arm_id              : RIGHT 
Target_arms_pose    : {Arm_pose_0: arm RIGHT, pose type BASE_COORDS, coords:[0, 0, -40, 0, 0, 0] } 
Target_clamps_status: Clamp_status_0: CLOSE  
Clamp_speed         : 50 
arm_move_method     : MODIFY_Z 
click_length        : 0 


Task       : Task_manipulation Deliever_container
Name       : two arms dilivery container
Group_id   : 6
Index      : 18
Create_time: 1720712954882252454
Start_time : -999
End_time   : -999
Finsih_cb  : None
Status     : BEREADY
Result     : INVALID
Return_data: None
Parallel   : ALL
Subtask_count: 2
Subtask_count_finished: 0
Predecessor_tasks: [15:Task_manipulation Grasp_container] [17:Task_manipulation Grasp_container] 
Arm_id              : LEFT_RIGHT 
Target_arms_pose    : {Arm_pose_0: arm LEFT, pose type BASE_COORDS, coords:[0, 0, 20, 0, 0, 0] 
                       Arm_pose_1: arm RIGHT, pose type BASE_COORDS, coords:[0, 0, 20, 0, 0, 0] } 
Target_clamps_status: Clamp_status_0: DONTCANGE Clamp_status_1: DONTCANGE  
Clamp_speed         : 50 
arm_move_method     : MODIFY_Z 
click_length        : 0 

--------------------------------------------------


