07-18 09:06:55

--------------------------------------------------


Task       : Task_image_rec CONTAINER
Name       : right camera rec container
Group_id   : 2
Index      : 7
Create_time: 1721264789.105027
Start_time : -999
End_time   : -999
Duration   : -999
Finsih_cb  : None
Status     : BEREADY
Result     : INVALID
Return_data: None
Parallel   : ALL
Subtask_count: 1
Subtask_count_finished: 0
Predecessor_tasks: [5:Task_manipulation Rec_container] [2:Task_navigate Navigate_to_the_snack_desk] 
Sleep_time_before_task : 0.3
Sleep_time_after_task  : 0
Camera_id: RIGHT 
Snack_list: []
Need_modify_tasks: 
          [13:Task_manipulation Lossen_snack]
          [16:Task_manipulation Lossen_snack]
          [20:Task_manipulation Grasp_container]
 

Task       : Task_manipulation Rec_snack
Name       : left arm move to rec snack
Group_id   : 2
Index      : 8
Create_time: 1721264789.1050727
Start_time : -999
End_time   : -999
Duration   : -999
Finsih_cb  : None
Status     : BEREADY
Result     : INVALID
Return_data: None
Parallel   : ALL
Subtask_count: 1
Subtask_count_finished: 0
Predecessor_tasks: [6:Task_image_rec CONTAINER] 
Sleep_time_before_task : 0
Sleep_time_after_task  : 0
Arm_id              : LEFT 
Target_arms_pose    : {Arm_pose_0: arm LEFT, pose type ANGLE, joint:[-80.1, -17.86, -145.64, 119.68, 79.12, 52.44] } 
Target_clamps_status: Clamp_status_0: DONTCANGE  
Clamp_speed         : 50 
arm_move_method     : XYZ 
click_length        : 0 


Task       : Task_manipulation Rec_snack
Name       : right arm move to rec snack
Group_id   : 2
Index      : 9
Create_time: 1721264789.1051168
Start_time : -999
End_time   : -999
Duration   : -999
Finsih_cb  : None
Status     : BEREADY
Result     : INVALID
Return_data: None
Parallel   : ALL
Subtask_count: 1
Subtask_count_finished: 0
Predecessor_tasks: [7:Task_image_rec CONTAINER] 
Sleep_time_before_task : 0
Sleep_time_after_task  : 0
Arm_id              : RIGHT 
Target_arms_pose    : {Arm_pose_0: arm RIGHT, pose type ANGLE, joint:[70.54, -3.6, -149.2, -122.5, 75.54, -33.37] } 
Target_clamps_status: Clamp_status_0: DONTCANGE  
Clamp_speed         : 50 
arm_move_method     : XYZ 
click_length        : 0 


Task       : Task_image_rec SNACK
Name       : two arms rec snack
Group_id   : 2
Index      : 10
Create_time: 1721264789.1052372
Start_time : -999
End_time   : -999
Duration   : -999
Finsih_cb  : None
Status     : BEREADY
Result     : INVALID
Return_data: None
Parallel   : NOTALLOWED
Subtask_count: 1
Subtask_count_finished: 0
Predecessor_tasks: [8:Task_manipulation Rec_snack] [9:Task_manipulation Rec_snack] 
Sleep_time_before_task : 0.3
Sleep_time_after_task  : 0
Camera_id: LEFT_RIGHT 
Snack_list: ['id:1,name:YIDA,count:1', 'id:4,name:RUSUANJUN,count:1']
Need_modify_tasks: 
          [11:Task_manipulation Grasp_snack]
          [12:Task_manipulation Lossen_snack]
          [13:Task_manipulation Lossen_snack]
          [14:Task_manipulation Grasp_snack]
          [15:Task_manipulation Lossen_snack]
          [16:Task_manipulation Lossen_snack]
 

Task       : Task_manipulation Grasp_snack
Name       : 
Group_id   : 2
Index      : 11
Create_time: 1721264789.1053221
Start_time : -999
End_time   : -999
Duration   : -999
Finsih_cb  : None
Status     : NOTREADY
Result     : INVALID
Return_data: None
Parallel   : ALL
Subtask_count: 1
Subtask_count_finished: 0
Predecessor_tasks: 
Sleep_time_before_task : 0
Sleep_time_after_task  : 0
Arm_id              : TBD 
Target_arms_pose    : {Arm_pose_0: arm LEFT, pose type BASE_COORDS, coords:[-999, -999, -999, -90, 0.0, -90] 
                       Arm_pose_1: arm RIGHT, pose type BASE_COORDS, coords:[-999, -999, -999, 90, 0, 90] } 
Target_clamps_status: Clamp_status_0: OPEN_CLOSE  
Clamp_speed         : 50 
arm_move_method     : YZ_X 
click_length        : 0 


Task       : Task_manipulation Lossen_snack
Name       : task_placement_snack_middle
Group_id   : 2
Index      : 12
Create_time: 1721264789.105377
Start_time : -999
End_time   : -999
Duration   : -999
Finsih_cb  : None
Status     : NOTREADY
Result     : INVALID
Return_data: None
Parallel   : ALL
Subtask_count: 1
Subtask_count_finished: 0
Predecessor_tasks: [11:Task_manipulation Grasp_snack] 
Sleep_time_before_task : 0
Sleep_time_after_task  : 0
Arm_id              : TBD 
Target_arms_pose    : {Arm_pose_0: arm LEFT, pose type BASE_COORDS, coords:[230, 170, 450, -180, 0, 0] 
                       Arm_pose_1: arm RIGHT, pose type BASE_COORDS, coords:[230, -170, 450, 180, 0, 0] } 
Target_clamps_status: Clamp_status_0: DONTCANGE Clamp_status_1: DONTCANGE  
Clamp_speed         : 50 
arm_move_method     : X_Y_Z_OTHER 
click_length        : 0 


Task       : Task_manipulation Lossen_snack
Name       : 
Group_id   : 2
Index      : 13
Create_time: 1721264789.1054654
Start_time : -999
End_time   : -999
Duration   : -999
Finsih_cb  : None
Status     : NOTREADY
Result     : INVALID
Return_data: None
Parallel   : ALL
Subtask_count: 1
Subtask_count_finished: 0
Predecessor_tasks: [12:Task_manipulation Lossen_snack] 
Sleep_time_before_task : 0
Sleep_time_after_task  : 0
Arm_id              : TBD 
Target_arms_pose    : {Arm_pose_0: arm LEFT, pose type BASE_COORDS, coords:[-999, -999, 380, -180, 0, 0] 
                       Arm_pose_1: arm RIGHT, pose type BASE_COORDS, coords:[-999, -999, 380, 180, 0, 0] } 
Target_clamps_status: Clamp_status_0: OPEN  
Clamp_speed         : 50 
arm_move_method     : X_Y_Z 
click_length        : 0 


Task       : Task_manipulation Grasp_snack
Name       : 
Group_id   : 2
Index      : 14
Create_time: 1721264789.10555
Start_time : -999
End_time   : -999
Duration   : -999
Finsih_cb  : None
Status     : NOTREADY
Result     : INVALID
Return_data: None
Parallel   : ALL
Subtask_count: 1
Subtask_count_finished: 0
Predecessor_tasks: 
Sleep_time_before_task : 0
Sleep_time_after_task  : 0
Arm_id              : TBD 
Target_arms_pose    : {Arm_pose_0: arm LEFT, pose type BASE_COORDS, coords:[-999, -999, -999, -90, 0.0, -90] 
                       Arm_pose_1: arm RIGHT, pose type BASE_COORDS, coords:[-999, -999, -999, 90, 0, 90] } 
Target_clamps_status: Clamp_status_0: OPEN_CLOSE  
Clamp_speed         : 50 
arm_move_method     : YZ_X 
click_length        : 0 


Task       : Task_manipulation Lossen_snack
Name       : task_placement_snack_middle
Group_id   : 2
Index      : 15
Create_time: 1721264789.105595
Start_time : -999
End_time   : -999
Duration   : -999
Finsih_cb  : None
Status     : NOTREADY
Result     : INVALID
Return_data: None
Parallel   : ALL
Subtask_count: 1
Subtask_count_finished: 0
Predecessor_tasks: [14:Task_manipulation Grasp_snack] 
Sleep_time_before_task : 0
Sleep_time_after_task  : 0
Arm_id              : TBD 
Target_arms_pose    : {Arm_pose_0: arm LEFT, pose type BASE_COORDS, coords:[230, 170, 450, -180, 0, 0] 
                       Arm_pose_1: arm RIGHT, pose type BASE_COORDS, coords:[230, -170, 450, 180, 0, 0] } 
Target_clamps_status: Clamp_status_0: DONTCANGE Clamp_status_1: DONTCANGE  
Clamp_speed         : 50 
arm_move_method     : X_Y_Z_OTHER 
click_length        : 0 


Task       : Task_manipulation Lossen_snack
Name       : 
Group_id   : 2
Index      : 16
Create_time: 1721264789.105661
Start_time : -999
End_time   : -999
Duration   : -999
Finsih_cb  : None
Status     : NOTREADY
Result     : INVALID
Return_data: None
Parallel   : ALL
Subtask_count: 1
Subtask_count_finished: 0
Predecessor_tasks: [15:Task_manipulation Lossen_snack] 
Sleep_time_before_task : 0
Sleep_time_after_task  : 0
Arm_id              : TBD 
Target_arms_pose    : {Arm_pose_0: arm LEFT, pose type BASE_COORDS, coords:[-999, -999, 380, -180, 0, 0] 
                       Arm_pose_1: arm RIGHT, pose type BASE_COORDS, coords:[-999, -999, 380, 180, 0, 0] } 
Target_clamps_status: Clamp_status_0: OPEN  
Clamp_speed         : 50 
arm_move_method     : X_Y_Z 
click_length        : 0 


Task       : Task_function PAUSE
Name       : function pause
Group_id   : 2
Index      : 17
Create_time: 1721264789.1057281
Start_time : -999
End_time   : -999
Duration   : -999
Finsih_cb  : None
Status     : BEREADY
Result     : INVALID
Return_data: None
Parallel   : NOTALLOWED
Subtask_count: 1
Subtask_count_finished: 0
Predecessor_tasks: 
Sleep_time_before_task : 0
Sleep_time_after_task  : 0


Task       : Task_manipulation Grasp_container
Name       : left arm grap container prepare
Group_id   : 2
Index      : 18
Create_time: 1721264789.106263
Start_time : -999
End_time   : -999
Duration   : -999
Finsih_cb  : None
Status     : NOTREADY
Result     : INVALID
Return_data: None
Parallel   : ALL
Subtask_count: 1
Subtask_count_finished: 0
Predecessor_tasks: 
Sleep_time_before_task : 0
Sleep_time_after_task  : 0
Arm_id              : LEFT 
Target_arms_pose    : {Arm_pose_0: arm LEFT, pose type BASE_COORDS, coords:[-999, -999, 430, -180, 0.0, -90] } 
Target_clamps_status: Clamp_status_0: OPEN  
Clamp_speed         : 50 
arm_move_method     : Z_XY 
click_length        : 0 


Task       : Task_manipulation Grasp_container
Name       : left arm grap container
Group_id   : 2
Index      : 19
Create_time: 1721264789.1065497
Start_time : -999
End_time   : -999
Duration   : -999
Finsih_cb  : None
Status     : BEREADY
Result     : INVALID
Return_data: None
Parallel   : ALL
Subtask_count: 1
Subtask_count_finished: 0
Predecessor_tasks: [18:Task_manipulation Grasp_container] 
Sleep_time_before_task : 0
Sleep_time_after_task  : 0
Arm_id              : LEFT 
Target_arms_pose    : {Arm_pose_0: arm LEFT, pose type BASE_COORDS, coords:[0, 0, -70, 0, 0, 0] } 
Target_clamps_status: Clamp_status_0: CLOSE  
Clamp_speed         : 50 
arm_move_method     : MODIFY_Z 
click_length        : 0 


Task       : Task_manipulation Grasp_container
Name       : right arm grap container prepare
Group_id   : 2
Index      : 20
Create_time: 1721264789.106802
Start_time : -999
End_time   : -999
Duration   : -999
Finsih_cb  : None
Status     : NOTREADY
Result     : INVALID
Return_data: None
Parallel   : ALL
Subtask_count: 1
Subtask_count_finished: 0
Predecessor_tasks: 
Sleep_time_before_task : 0
Sleep_time_after_task  : 0
Arm_id              : RIGHT 
Target_arms_pose    : {Arm_pose_0: arm RIGHT, pose type BASE_COORDS, coords:[-1, -1, 430, -180, 0.0, 90] } 
Target_clamps_status: Clamp_status_0: OPEN  
Clamp_speed         : 50 
arm_move_method     : Z_XY 
click_length        : 0 


Task       : Task_manipulation Grasp_container
Name       : right arm grap container
Group_id   : 2
Index      : 21
Create_time: 1721264789.1069508
Start_time : -999
End_time   : -999
Duration   : -999
Finsih_cb  : None
Status     : BEREADY
Result     : INVALID
Return_data: None
Parallel   : ALL
Subtask_count: 1
Subtask_count_finished: 0
Predecessor_tasks: [20:Task_manipulation Grasp_container] 
Sleep_time_before_task : 0
Sleep_time_after_task  : 0
Arm_id              : RIGHT 
Target_arms_pose    : {Arm_pose_0: arm RIGHT, pose type BASE_COORDS, coords:[0, 0, -70, 0, 0, 0] } 
Target_clamps_status: Clamp_status_0: CLOSE  
Clamp_speed         : 50 
arm_move_method     : MODIFY_Z 
click_length        : 0 


Task       : Task_manipulation Deliever_container
Name       : two arms dilivery container
Group_id   : 2
Index      : 22
Create_time: 1721264789.1070397
Start_time : -999
End_time   : -999
Duration   : -999
Finsih_cb  : None
Status     : BEREADY
Result     : INVALID
Return_data: None
Parallel   : ALL
Subtask_count: 2
Subtask_count_finished: 0
Predecessor_tasks: [19:Task_manipulation Grasp_container] [21:Task_manipulation Grasp_container] 
Sleep_time_before_task : 0
Sleep_time_after_task  : 0
Arm_id              : LEFT_RIGHT 
Target_arms_pose    : {Arm_pose_0: arm LEFT, pose type BASE_COORDS, coords:[0, 0, 80, 0, 0, 0] 
                       Arm_pose_1: arm RIGHT, pose type BASE_COORDS, coords:[0, 0, 80, 0, 0, 0] } 
Target_clamps_status: Clamp_status_0: DONTCANGE Clamp_status_1: DONTCANGE  
Clamp_speed         : 50 
arm_move_method     : MODIFY_Z 
click_length        : 0 


Task       : Task_navigate Move_backward
Name       : move back from snack desk
Group_id   : 2
Index      : 23
Create_time: 1721264789.1070907
Start_time : -999
End_time   : -999
Duration   : -999
Finsih_cb  : None
Status     : BEREADY
Result     : INVALID
Return_data: None
Parallel   : ALL
Subtask_count: 1
Subtask_count_finished: 0
Predecessor_tasks: [21:Task_manipulation Grasp_container] [19:Task_manipulation Grasp_container] 
Sleep_time_before_task : 0
Sleep_time_after_task  : 0
Target_3D_pose: x:-15.00 y:-999.00 z:-999.00 roll:-999.00 pitch:-999.00 yaw:-50.00 

Task       : Task_navigate Navigate_to_the_right_service_desk
Name       : navigation to right service desk
Group_id   : 2
Index      : 24
Create_time: 1721264789.107166
Start_time : -999
End_time   : -999
Duration   : -999
Finsih_cb  : None
Status     : BEREADY
Result     : INVALID
Return_data: None
Parallel   : ALL
Subtask_count: 1
Subtask_count_finished: 0
Predecessor_tasks: [23:Task_navigate Move_backward] 
Sleep_time_before_task : 0
Sleep_time_after_task  : 0
Target_3D_pose: x:2.00 y:-0.63 z:0.00 roll:0.00 pitch:-0.00 yaw:0.00 

Task       : Task_navigate Move_forward
Name       : navigation move forward to right desk
Group_id   : 2
Index      : 25
Create_time: 1721264789.107201
Start_time : -999
End_time   : -999
Duration   : -999
Finsih_cb  : None
Status     : BEREADY
Result     : INVALID
Return_data: None
Parallel   : ALL
Subtask_count: 1
Subtask_count_finished: 0
Predecessor_tasks: [24:Task_navigate Navigate_to_the_right_service_desk] 
Sleep_time_before_task : 0
Sleep_time_after_task  : 0
Target_3D_pose: x:30.00 y:-999.00 z:-999.00 roll:-999.00 pitch:-999.00 yaw:0.00 

Task       : Task_manipulation Lossen_container
Name       : two arms placement container
Group_id   : 2
Index      : 26
Create_time: 1721264789.107252
Start_time : -999
End_time   : -999
Duration   : -999
Finsih_cb  : None
Status     : BEREADY
Result     : INVALID
Return_data: None
Parallel   : NOTALLOWED
Subtask_count: 2
Subtask_count_finished: 0
Predecessor_tasks: [25:Task_navigate Move_forward] 
Sleep_time_before_task : 0
Sleep_time_after_task  : 0
Arm_id              : LEFT_RIGHT 
Target_arms_pose    : {Arm_pose_0: arm LEFT, pose type BASE_COORDS, coords:[0, 0, -80, 0, 0, 0] 
                       Arm_pose_1: arm RIGHT, pose type BASE_COORDS, coords:[0, 0, -80, 0, 0, 0] } 
Target_clamps_status: Clamp_status_0: OPEN Clamp_status_1: OPEN  
Clamp_speed         : 50 
arm_move_method     : MODIFY_Z 
click_length        : 0 


Task       : Task_manipulation Move_to_IDLE
Name       : two arms move to idle
Group_id   : 2
Index      : 27
Create_time: 1721264789.1073265
Start_time : -999
End_time   : -999
Duration   : -999
Finsih_cb  : None
Status     : BEREADY
Result     : INVALID
Return_data: None
Parallel   : ALL
Subtask_count: 2
Subtask_count_finished: 0
Predecessor_tasks: [26:Task_manipulation Lossen_container] 
Sleep_time_before_task : 0
Sleep_time_after_task  : 0
Arm_id              : LEFT_RIGHT 
Target_arms_pose    : {Arm_pose_0: arm LEFT, pose type ANGLE, joint:[-71.31, 63.55, -34.37, 67.69, 20.23, 36.37] 
                       Arm_pose_1: arm RIGHT, pose type ANGLE, joint:[71.31, 63.55, -34.38, -67.73, 20.23, -36.42] } 
Target_clamps_status: Clamp_status_0: CLOSE Clamp_status_1: CLOSE  
Clamp_speed         : 50 
arm_move_method     : XYZ 
click_length        : 0 


Task       : Task_navigate Move_backward
Name       : move back from left service desk
Group_id   : 2
Index      : 28
Create_time: 1721264789.1073864
Start_time : -999
End_time   : -999
Duration   : -999
Finsih_cb  : None
Status     : BEREADY
Result     : INVALID
Return_data: None
Parallel   : ALL
Subtask_count: 1
Subtask_count_finished: 0
Predecessor_tasks: [26:Task_manipulation Lossen_container] 
Sleep_time_before_task : 0
Sleep_time_after_task  : 0
Target_3D_pose: x:-50.00 y:-999.00 z:-999.00 roll:-999.00 pitch:-999.00 yaw:-80.00 

Task       : Task_function PAUSE
Name       : function pause
Group_id   : 2
Index      : 29
Create_time: 1721264789.1074278
Start_time : -999
End_time   : -999
Duration   : -999
Finsih_cb  : None
Status     : BEREADY
Result     : INVALID
Return_data: None
Parallel   : NOTALLOWED
Subtask_count: 1
Subtask_count_finished: 0
Predecessor_tasks: 
Sleep_time_before_task : 0
Sleep_time_after_task  : 0


Task       : Task_navigate Navigate_to_the_drink_desk
Name       : navigation to drink desk
Group_id   : 3
Index      : 0
Create_time: 1721264789.1211107
Start_time : -999
End_time   : -999
Duration   : -999
Finsih_cb  : None
Status     : BEREADY
Result     : INVALID
Return_data: None
Parallel   : ALL
Subtask_count: 1
Subtask_count_finished: 0
Predecessor_tasks: 
Sleep_time_before_task : 0
Sleep_time_after_task  : 0
Target_3D_pose: x:0.55 y:-2.25 z:0.00 roll:0.00 pitch:0.00 yaw:-1.54 

Task       : Task_navigate Move_forward
Name       : navigation move forward to drink desk
Group_id   : 3
Index      : 1
Create_time: 1721264789.121272
Start_time : -999
End_time   : -999
Duration   : -999
Finsih_cb  : None
Status     : BEREADY
Result     : INVALID
Return_data: None
Parallel   : ALL
Subtask_count: 1
Subtask_count_finished: 0
Predecessor_tasks: [0:Task_navigate Navigate_to_the_drink_desk] 
Sleep_time_before_task : 0
Sleep_time_after_task  : 0.5
Target_3D_pose: x:20.00 y:-999.00 z:-999.00 roll:-999.00 pitch:-999.00 yaw:0.00 

Task       : Task_manipulation Rec_machine_switch
Name       : left arm move to rec coffee machine turn on
Group_id   : 3
Index      : 2
Create_time: 1721264789.1213388
Start_time : -999
End_time   : -999
Duration   : -999
Finsih_cb  : None
Status     : BEREADY
Result     : INVALID
Return_data: None
Parallel   : ALL
Subtask_count: 1
Subtask_count_finished: 0
Predecessor_tasks: 
Sleep_time_before_task : 0
Sleep_time_after_task  : 0
Arm_id              : LEFT 
Target_arms_pose    : {Arm_pose_0: arm LEFT, pose type ANGLE, joint:[-71.36, -7.87, -155.8, 121.34, 73.92, 31.57] } 
Target_clamps_status: Clamp_status_0: CLOSE  
Clamp_speed         : 50 
arm_move_method     : XYZ 
click_length        : 0 


Task       : Task_manipulation Rec_cup_machine
Name       : right arm move to rec cup machine prepare
Group_id   : 3
Index      : 3
Create_time: 1721264789.1214144
Start_time : -999
End_time   : -999
Duration   : -999
Finsih_cb  : None
Status     : BEREADY
Result     : INVALID
Return_data: None
Parallel   : ALL
Subtask_count: 1
Subtask_count_finished: 0
Predecessor_tasks: 
Sleep_time_before_task : 0
Sleep_time_after_task  : 0
Arm_id              : RIGHT 
Target_arms_pose    : {Arm_pose_0: arm RIGHT, pose type ANGLE, joint:[0, 0, -115, 0, 90, 0] } 
Target_clamps_status: Clamp_status_0: CLOSE  
Clamp_speed         : 50 
arm_move_method     : XYZ 
click_length        : 0 


Task       : Task_manipulation Rec_cup_machine
Name       : right arm move to rec cup machine
Group_id   : 3
Index      : 4
Create_time: 1721264789.121464
Start_time : -999
End_time   : -999
Duration   : -999
Finsih_cb  : None
Status     : BEREADY
Result     : INVALID
Return_data: None
Parallel   : ALL
Subtask_count: 1
Subtask_count_finished: 0
Predecessor_tasks: [3:Task_manipulation Rec_cup_machine] 
Sleep_time_before_task : 0
Sleep_time_after_task  : 0
Arm_id              : RIGHT 
Target_arms_pose    : {Arm_pose_0: arm RIGHT, pose type ANGLE, joint:[-141.77, 25.64, -142.14, 43.76, 50.75, 9.71] } 
Target_clamps_status: Clamp_status_0: DONTCANGE  
Clamp_speed         : 50 
arm_move_method     : XYZ 
click_length        : 0 


Task       : Task_image_rec COFFEE_MACHINE_SWITCH_ON
Name       : left camera rec coffee machine turn on
Group_id   : 3
Index      : 5
Create_time: 1721264789.1215105
Start_time : -999
End_time   : -999
Duration   : -999
Finsih_cb  : None
Status     : BEREADY
Result     : INVALID
Return_data: None
Parallel   : ALL
Subtask_count: 1
Subtask_count_finished: 0
Predecessor_tasks: [2:Task_manipulation Rec_machine_switch] [1:Task_navigate Move_forward] 
Sleep_time_before_task : 0.3
Sleep_time_after_task  : 0
Camera_id: LEFT 
Snack_list: []
Need_modify_tasks: 
          [9:Task_manipulation Turn_on_coffee_machine]
 

Task       : Task_image_rec CUP_COFFEE_MACHINE
Name       : right camera rec cup machine
Group_id   : 3
Index      : 6
Create_time: 1721264789.1215563
Start_time : -999
End_time   : -999
Duration   : -999
Finsih_cb  : None
Status     : BEREADY
Result     : INVALID
Return_data: None
Parallel   : ALL
Subtask_count: 1
Subtask_count_finished: 0
Predecessor_tasks: [4:Task_manipulation Rec_cup_machine] [1:Task_navigate Move_forward] 
Sleep_time_before_task : 0.3
Sleep_time_after_task  : 0
Camera_id: RIGHT 
Snack_list: []
Need_modify_tasks: 
          [7:Task_manipulation Grasp_cup_pre]
          [8:Task_manipulation Grasp_cup]
          [11:Task_manipulation Water_cup]
 

Task       : Task_manipulation Grasp_cup_pre
Name       : right arm grasp cup prepare
Group_id   : 3
Index      : 7
Create_time: 1721264789.1216197
Start_time : -999
End_time   : -999
Duration   : -999
Finsih_cb  : None
Status     : NOTREADY
Result     : INVALID
Return_data: None
Parallel   : ALL
Subtask_count: 1
Subtask_count_finished: 0
Predecessor_tasks: 
Sleep_time_before_task : 0
Sleep_time_after_task  : 0
Arm_id              : RIGHT 
Target_arms_pose    : {Arm_pose_0: arm RIGHT, pose type BASE_COORDS, coords:[250, -1, 220, 90, 0, 90] } 
Target_clamps_status: Clamp_status_0: OPEN  
Clamp_speed         : 50 
arm_move_method     : XYZ 
click_length        : 0 


Task       : Task_manipulation Grasp_cup
Name       : right arm grasp cup
Group_id   : 3
Index      : 8
Create_time: 1721264789.121671
Start_time : -999
End_time   : -999
Duration   : -999
Finsih_cb  : None
Status     : NOTREADY
Result     : INVALID
Return_data: None
Parallel   : ALL
Subtask_count: 1
Subtask_count_finished: 0
Predecessor_tasks: [7:Task_manipulation Grasp_cup_pre] 
Sleep_time_before_task : 0
Sleep_time_after_task  : 0
Arm_id              : RIGHT 
Target_arms_pose    : {Arm_pose_0: arm RIGHT, pose type BASE_COORDS, coords:[-999, -999, 220, 90, 0, 90] } 
Target_clamps_status: Clamp_status_0: CLOSE  
Clamp_speed         : 50 
arm_move_method     : XYZ 
click_length        : 0 


Task       : Task_manipulation Turn_on_coffee_machine
Name       : left arm turn on machine prepare
Group_id   : 3
Index      : 9
Create_time: 1721264789.1219056
Start_time : -999
End_time   : -999
Duration   : -999
Finsih_cb  : None
Status     : NOTREADY
Result     : INVALID
Return_data: None
Parallel   : ALL
Subtask_count: 1
Subtask_count_finished: 0
Predecessor_tasks: 
Sleep_time_before_task : 0
Sleep_time_after_task  : 0
Arm_id              : LEFT 
Target_arms_pose    : {Arm_pose_0: arm LEFT, pose type BASE_COORDS, coords:[-999, -999, -999, -90, 0.0, -90] } 
Target_clamps_status: Clamp_status_0: CLOSE  
Clamp_speed         : 50 
arm_move_method     : Z_XY 
click_length        : 0 


Task       : Task_manipulation Turn_off_coffee_machine
Name       : left arm turn on machine click!!!
Group_id   : 3
Index      : 10
Create_time: 1721264789.1220787
Start_time : -999
End_time   : -999
Duration   : -999
Finsih_cb  : None
Status     : BEREADY
Result     : INVALID
Return_data: None
Parallel   : ALL
Subtask_count: 1
Subtask_count_finished: 0
Predecessor_tasks: [9:Task_manipulation Turn_on_coffee_machine] 
Sleep_time_before_task : 0
Sleep_time_after_task  : 2
Arm_id              : LEFT 
Target_arms_pose    : {Arm_pose_0: arm LEFT, pose type BASE_COORDS, coords:[0, 0, 20, 0, 0, 0] } 
Target_clamps_status: Clamp_status_0: DONTCANGE Clamp_status_1: DONTCANGE  
Clamp_speed         : 50 
arm_move_method     : MODIFY_Z 
click_length        : 0 


Task       : Task_manipulation Water_cup
Name       : right arm water cup
Group_id   : 3
Index      : 11
Create_time: 1721264789.1224005
Start_time : -999
End_time   : -999
Duration   : -999
Finsih_cb  : None
Status     : NOTREADY
Result     : INVALID
Return_data: None
Parallel   : ALL
Subtask_count: 1
Subtask_count_finished: 0
Predecessor_tasks: [8:Task_manipulation Grasp_cup] 
Sleep_time_before_task : 0
Sleep_time_after_task  : 0
Arm_id              : RIGHT 
Target_arms_pose    : {Arm_pose_0: arm RIGHT, pose type BASE_COORDS, coords:[-999, -999, -999, 90, 0, 90] } 
Target_clamps_status: Clamp_status_0: DONTCANGE Clamp_status_1: DONTCANGE  
Clamp_speed         : 50 
arm_move_method     : X_YZ 
click_length        : 0 


Task       : Task_manipulation Rec_machine_switch
Name       : left arm move to rec coffee machine turn off
Group_id   : 3
Index      : 12
Create_time: 1721264789.1224597
Start_time : -999
End_time   : -999
Duration   : -999
Finsih_cb  : None
Status     : BEREADY
Result     : INVALID
Return_data: None
Parallel   : ALL
Subtask_count: 1
Subtask_count_finished: 0
Predecessor_tasks: [9:Task_manipulation Turn_on_coffee_machine] 
Sleep_time_before_task : 0
Sleep_time_after_task  : 0
Arm_id              : LEFT 
Target_arms_pose    : {Arm_pose_0: arm LEFT, pose type ANGLE, joint:[-78.94, 14.88, -126.71, 117.4, 73.22, 39.54] } 
Target_clamps_status: Clamp_status_0: DONTCANGE  
Clamp_speed         : 50 
arm_move_method     : X_YZ 
click_length        : 0 


Task       : Task_image_rec COFFEE_MACHINE_SWITCH_OFF
Name       : left camera rec coffee machine turn off
Group_id   : 3
Index      : 13
Create_time: 1721264789.1225047
Start_time : -999
End_time   : -999
Duration   : -999
Finsih_cb  : None
Status     : BEREADY
Result     : INVALID
Return_data: None
Parallel   : ALL
Subtask_count: 1
Subtask_count_finished: 0
Predecessor_tasks: [12:Task_manipulation Rec_machine_switch] 
Sleep_time_before_task : 0.3
Sleep_time_after_task  : 0
Camera_id: LEFT 
Snack_list: []
Need_modify_tasks: 
          [14:Task_manipulation Turn_off_coffee_machine]
 

Task       : Task_manipulation Turn_off_coffee_machine
Name       : left arm turn off machine
Group_id   : 3
Index      : 14
Create_time: 1721264789.1227303
Start_time : -999
End_time   : -999
Duration   : -999
Finsih_cb  : None
Status     : NOTREADY
Result     : INVALID
Return_data: None
Parallel   : NOTALLOWED
Subtask_count: 1
Subtask_count_finished: 0
Predecessor_tasks: 
Sleep_time_before_task : 0
Sleep_time_after_task  : 0
Arm_id              : LEFT 
Target_arms_pose    : {Arm_pose_0: arm LEFT, pose type BASE_COORDS, coords:[-999, -999, -999, -90, 0.0, -90] } 
Target_clamps_status: Clamp_status_0: DONTCANGE Clamp_status_1: DONTCANGE  
Clamp_speed         : 50 
arm_move_method     : Z_XY 
click_length        : 0 


Task       : Task_manipulation Turn_off_coffee_machine
Name       : left arm turn off machine click!!!
Group_id   : 3
Index      : 15
Create_time: 1721264789.123256
Start_time : -999
End_time   : -999
Duration   : -999
Finsih_cb  : None
Status     : BEREADY
Result     : INVALID
Return_data: None
Parallel   : NOTALLOWED
Subtask_count: 1
Subtask_count_finished: 0
Predecessor_tasks: [14:Task_manipulation Turn_off_coffee_machine] 
Sleep_time_before_task : 0
Sleep_time_after_task  : 3
Arm_id              : LEFT 
Target_arms_pose    : {Arm_pose_0: arm LEFT, pose type BASE_COORDS, coords:[0, 0, -20, 0, 0, 0] } 
Target_clamps_status: Clamp_status_0: DONTCANGE Clamp_status_1: DONTCANGE  
Clamp_speed         : 50 
arm_move_method     : MODIFY_Z 
click_length        : 0 


Task       : Task_navigate Move_backward
Name       : move back from drink desk
Group_id   : 3
Index      : 16
Create_time: 1721264789.1233861
Start_time : -999
End_time   : -999
Duration   : -999
Finsih_cb  : None
Status     : BEREADY
Result     : INVALID
Return_data: None
Parallel   : ALL
Subtask_count: 1
Subtask_count_finished: 0
Predecessor_tasks: [14:Task_manipulation Turn_off_coffee_machine] 
Sleep_time_before_task : 0
Sleep_time_after_task  : 0
Target_3D_pose: x:-60.00 y:-999.00 z:-999.00 roll:-999.00 pitch:-999.00 yaw:-90.00 

Task       : Task_manipulation Move_to_IDLE
Name       : left arm move to idle
Group_id   : 3
Index      : 17
Create_time: 1721264789.1234457
Start_time : -999
End_time   : -999
Duration   : -999
Finsih_cb  : None
Status     : BEREADY
Result     : INVALID
Return_data: None
Parallel   : ALL
Subtask_count: 1
Subtask_count_finished: 0
Predecessor_tasks: [16:Task_navigate Move_backward] 
Sleep_time_before_task : 0
Sleep_time_after_task  : 0
Arm_id              : LEFT 
Target_arms_pose    : {Arm_pose_0: arm LEFT, pose type ANGLE, joint:[-71.31, 63.55, -34.37, 67.69, 20.23, 36.37] } 
Target_clamps_status: Clamp_status_0: DONTCANGE  
Clamp_speed         : 50 
arm_move_method     : XYZ 
click_length        : 0 


Task       : Task_manipulation Deliever_cup
Name       : right arm water delivery
Group_id   : 3
Index      : 18
Create_time: 1721264789.1234915
Start_time : -999
End_time   : -999
Duration   : -999
Finsih_cb  : None
Status     : BEREADY
Result     : INVALID
Return_data: None
Parallel   : ALL
Subtask_count: 1
Subtask_count_finished: 0
Predecessor_tasks: [16:Task_navigate Move_backward] 
Sleep_time_before_task : 0
Sleep_time_after_task  : 0
Arm_id              : RIGHT 
Target_arms_pose    : {Arm_pose_0: arm RIGHT, pose type BASE_COORDS, coords:[300, 0, 240, 90, 0, 90] } 
Target_clamps_status: Clamp_status_0: DONTCANGE  
Clamp_speed         : 50 
arm_move_method     : XYZ 
click_length        : 0 


Task       : Task_navigate Navigate_to_the_left_service_desk
Name       : navigation to left service desk
Group_id   : 3
Index      : 19
Create_time: 1721264789.12355
Start_time : -999
End_time   : -999
Duration   : -999
Finsih_cb  : None
Status     : BEREADY
Result     : INVALID
Return_data: None
Parallel   : ALL
Subtask_count: 1
Subtask_count_finished: 0
Predecessor_tasks: [16:Task_navigate Move_backward] 
Sleep_time_before_task : 0
Sleep_time_after_task  : 0
Target_3D_pose: x:2.00 y:-2.05 z:0.00 roll:0.00 pitch:-0.00 yaw:0.00 

Task       : Task_navigate Move_forward
Name       : navigation move forward to left desk
Group_id   : 3
Index      : 20
Create_time: 1721264789.123696
Start_time : -999
End_time   : -999
Duration   : -999
Finsih_cb  : None
Status     : BEREADY
Result     : INVALID
Return_data: None
Parallel   : ALL
Subtask_count: 1
Subtask_count_finished: 0
Predecessor_tasks: [19:Task_navigate Navigate_to_the_left_service_desk] 
Sleep_time_before_task : 0
Sleep_time_after_task  : 0
Target_3D_pose: x:30.00 y:-999.00 z:-999.00 roll:-999.00 pitch:-999.00 yaw:0.00 

Task       : Task_manipulation Lossen_cup
Name       : right arm placement cup
Group_id   : 3
Index      : 21
Create_time: 1721264789.1237707
Start_time : -999
End_time   : -999
Duration   : -999
Finsih_cb  : None
Status     : BEREADY
Result     : INVALID
Return_data: None
Parallel   : NOTALLOWED
Subtask_count: 1
Subtask_count_finished: 0
Predecessor_tasks: [20:Task_navigate Move_forward] 
Sleep_time_before_task : 0
Sleep_time_after_task  : 0
Arm_id              : RIGHT 
Target_arms_pose    : {Arm_pose_0: arm RIGHT, pose type BASE_COORDS, coords:[0, 0, -20, 0, 0, 0] } 
Target_clamps_status: Clamp_status_0: OPEN  
Clamp_speed         : 50 
arm_move_method     : MODIFY_Z 
click_length        : 0 


Task       : Task_navigate Move_backward
Name       : move back from left service desk
Group_id   : 3
Index      : 22
Create_time: 1721264789.1238256
Start_time : -999
End_time   : -999
Duration   : -999
Finsih_cb  : None
Status     : BEREADY
Result     : INVALID
Return_data: None
Parallel   : ALL
Subtask_count: 1
Subtask_count_finished: 0
Predecessor_tasks: [21:Task_manipulation Lossen_cup] 
Sleep_time_before_task : 0
Sleep_time_after_task  : 0
Target_3D_pose: x:-50.00 y:-999.00 z:-999.00 roll:-999.00 pitch:-999.00 yaw:80.00 

Task       : Task_manipulation Move_to_IDLE
Name       : two arms move to idle
Group_id   : 3
Index      : 23
Create_time: 1721264789.123871
Start_time : -999
End_time   : -999
Duration   : -999
Finsih_cb  : None
Status     : BEREADY
Result     : INVALID
Return_data: None
Parallel   : ALL
Subtask_count: 2
Subtask_count_finished: 0
Predecessor_tasks: [22:Task_navigate Move_backward] 
Sleep_time_before_task : 0
Sleep_time_after_task  : 0
Arm_id              : LEFT_RIGHT 
Target_arms_pose    : {Arm_pose_0: arm LEFT, pose type ANGLE, joint:[-71.31, 63.55, -34.37, 67.69, 20.23, 36.37] 
                       Arm_pose_1: arm RIGHT, pose type ANGLE, joint:[71.31, 63.55, -34.38, -67.73, 20.23, -36.42] } 
Target_clamps_status: Clamp_status_0: CLOSE Clamp_status_1: CLOSE  
Clamp_speed         : 50 
arm_move_method     : XYZ 
click_length        : 0 


Task       : Task_function PAUSE
Name       : function pause
Group_id   : 3
Index      : 24
Create_time: 1721264789.1239445
Start_time : -999
End_time   : -999
Duration   : -999
Finsih_cb  : None
Status     : BEREADY
Result     : INVALID
Return_data: None
Parallel   : NOTALLOWED
Subtask_count: 1
Subtask_count_finished: 0
Predecessor_tasks: 
Sleep_time_before_task : 0
Sleep_time_after_task  : 0


Task       : Task_navigate Navigate_to_the_init_point
Name       : 
Group_id   : -999
Index      : 0
Create_time: 1721264789.1240947
Start_time : -999
End_time   : -999
Duration   : -999
Finsih_cb  : None
Status     : BEREADY
Result     : INVALID
Return_data: None
Parallel   : NOTALLOWED
Subtask_count: 1
Subtask_count_finished: 0
Predecessor_tasks: 
Sleep_time_before_task : 0
Sleep_time_after_task  : 0
Target_3D_pose: x:0.00 y:0.00 z:0.00 roll:0.00 pitch:-0.00 yaw:0.00 
--------------------------------------------------


