[428.5623637156634, 125.57878540725139, 488.08569142448073]
[423.337470709963, 118.59341424022031, 583.4908029059983]
[280.87397768044013, 107.69492521835372, 474.60090206132304]
[342.05228118073325, 3.44837301702249, 476.9220571015998]
[356.41004914739483, 69.89968839236809, 479.84202060849907]
[315.32270703595094, 91.65192367108901, 478.3489853950312]
[301.9958855784125, 64.49834942495076, 475.4878089774519]
[322.6068913084436, 74.68882546054579, 477.84917426111065]
[328.488856997427, 98.61915959251189, 479.89159728550123]
[380.23507724579963, 30.906729067524296, 480.96850272020146]
[278.6448522635167, 80.85387841219395, 472.9128288566648]
[336.72372539197954, 45.32310382278955, 478.22216270922246]
[292.3829868479868, 108.29113359697928, 475.2186035144686][304.05577882576466, 29.718308922534845, 473.2770807441838]
[331.1175629967192, 58.85663207755789, 609.2680851411935]
[316.72664560917235, 61.2820417315892, 475.34993030464307]
[334.24522510799653, 22.774821205144107, 602.1602101009619]
[330.66297218522453, 24.38565921815757, 477.25744819014625]
[289.5224762976767, 121.01051163143765, 474.40098535291816]
[382.5213186491367, 70.01495124193605, 605.3246257047857]
[382.9107466446163, 70.21067983216187, 482.0006597543966]
[379.1721819775273, 62.15911818794399, 471.93780105797026]
