[421.0620405510193, 123.57109076861784, 488.6009916964797]
[408.6277905607848, 117.02884936453654, 581.5151584833258]
[292.47963169188637, 103.67181213408978, 473.5656336497297]
[340.3240756782907, 3.2189399101257408, 474.8480797793035]
[342.4155826326725, 72.31648037737472, 480.35024036327843]
[325.48070196731913, 89.1216295542715, 477.6496491859711]
[303.22097664159014, 63.62538332973739, 473.71165603726456]
[323.02443400636855, 72.95347826941673, 477.99334861910046]
[335.1220568609337, 96.14591547214297, 478.7673316394914]
[364.9967029362351, 54.07390336832981, 480.12826093228324]
[284.147970578878, 79.11787567244752, 470.59995685204217]
[291.68202184416293, 105.91896362572692, 476.8618052923535]
[304.3426461874182, 32.034797977649674, 470.6262014930801]
[312.505548277898, 63.222297187955576, 597.6384536764106]
[306.4974091630216, 63.92455513180224, 474.7858665614122]
[336.1092044637334, 21.990542685535544, 598.86697324151]
[330.0757940108949, 24.75214164284921, 475.72421575465876]
[289.60740897328117, 121.46430922039289, 595.9942222956072]
[290.52242816629916, 119.91207336835978, 472.1350447901819]
[348.4052404855569, 83.6486443612173, 478.72747556493886]
[358.98693130546235, 94.6186434919656, 587.8176947133982]
[379.03166514188194, 61.13739146053791, 470.5109766087386]
[354.359517365647, 11.763501651579602, 469.5047595183811]
[340.5878621343138, 10.817598949789627, 468.9259568430459]
