[297.8285764920088, 233.40147504498316, 390]
[303.7225998117832, 240.62461631599422, 390]
[316.836487431795, 195.7525243800577, 390]
[296.1162323201797, 179.03181449176515, 390]
[286.34084888057396, 241.08464608588133, 390]
[353.8886309792265, 256.8992944774981, 390]
[341.23118667970124, 245.35082864541732, 390]
[317.4886356356689, 213.78976388937946, 390]
[306.50656820050074, 239.2100193743546, 390]
[303.3038169848495, 192.27359147012177, 390]
[315.5217251808156, 203.0613449848956, 390]
[307.2407325511707, 235.54694783313073, 390]
[311.2148697057875, 238.7907336036174, 390]
[314.49753109682166, 252.08509045828396, 390]
[296.84958517536563, 245.51552641676602, 390]
[325.6643779113457, 227.24882703298232, 390]
[318.9669152654041, 250.21667685164545, 390]
[284.11520283472726, 226.08547790998188, 390]
[332.96735342007895, 217.0231967227486, 390]
[289.0698173569718, 245.38655274000234, 390]
[298.6702944109515, 230.17423378343892, 390]
[315.32984595892486, 241.26337872752492, 390]
[316.9387159576463, 221.3093605941503, 390]
[330.6433136505256, 228.49764221786097, 390]
[316.0024282950225, 276.02485859213016, 390]
[275.07649685876356, 261.48208430349956, 390]
[317.205819753475, 211.13771405457726, 390]
[344.4148567374943, 254.4792286025796, 390]
[295.2527954863081, 279.72858351124324, 390]
