[361.1079230936327, 133.7324629105087, 380]
[357.1647188066459, 104.35155580428525, 380]
[396.18153017799614, 143.84386811803253, 380]
[341.82485681329405, 118.3059903988904, 380]
[380.44221184169214, 124.33259044812075, 380]
[363.98095062730545, 141.64763988625282, 380]
[356.48234714845165, 181.9688262920339, 380]
[352.38742103113213, 165.23353206386662, 380]
[329.405737495222, 141.58865954190333, 380]
[351.3910749325606, 181.30525914260932, 380]
[343.0249825966619, 124.435860676376, 380]
[341.0023362944897, 120.29992979245185, 380]
[344.581916659568, 125.48831222073301, 380]
[348.8097033580717, 153.29220139462467, 380]
[370.6597841238924, 172.7364298503218, 380]
[398.87896346978687, 144.74685121945475, 380]
[374.58073674206344, 150.56976695000043, 380]
[329.3665882506595, 132.51028754920617, 380]
[376.8080733393769, 132.6669396004887, 380]
[375.28779682803207, 170.8925644686707, 380]
[392.44454227080746, 148.75464602905515, 380]
[383.080037439755, 128.71361452671277, 380]
[357.78551761713015, 121.34183207622985, 380]
[377.6347827005001, 135.82468061646188, 380]
