[366.2802681634833, 209.36659148682884, 550]
[377.1984051136819, 227.14865051116703, 380]
[368.146314292295, 213.70965810827903, 550]
[384.85699295317727, 231.28793218375245, 380]
[367.90101822918615, 215.74564025572693, 550]
[385.069262419629, 233.24676744956338, 380]
[368.029539584502, 211.70204010339785, 550]
[388.5424527491079, 223.2073722936684, 380]
[448.00788516603234, 188.63077281557494, 550]
[451.3164934931897, 190.02415497529034, 380]
[448.67059683949606, 185.9289705617593, 550]
[457.6065040479981, 193.9960020160442, 380]
[430.27667512961125, 192.93530512317102, 550]
[445.081433330505, 202.25235997866116, 380]
[442.29509081809806, 188.03703625835635, 550]
[434.5820818828695, 190.55567965408926, 550]
[431.88477126816133, 187.98331103216194, 550]
[431.0760629118947, 192.55171285183, 550]
[358.96801300773467, 203.31721285962823, 550]
[366.98829393301367, 203.9529161952393, 550]
[359.26280777463086, 206.18326395506062, 550]
[376.0309506128549, 202.60001381373417, 380]
[368.8875983034265, 204.1592122332092, 550]
[378.64219860974254, 204.1874673978246, 380]
[370.5223941849222, 200.21729408886108, 550]
[379.9711008255853, 209.38461418628532, 380]
[359.3507028176544, 206.6859357223222, 550]
[379.5073145085634, 209.75824838653318, 380]
