[342.70576386644757, -52.04371221651823, 390]
[389.1773599610892, -31.256469820499873, 390]
[412.56789546129573, -46.356347967785126, 390]
[371.88432306097997, -0.37511585468804753, 390]
[408.65932590865395, -24.827065247290548, 390]
[374.77886234849126, -29.498122728405974, 390]
[373.83983321435227, -58.930927645624706, 390]
[394.1661351991946, -42.23404644164489, 390]
[380.5595913624859, -48.27563233520459, 390]
[358.9182396135882, -49.301337464084526, 390]
[388.94545945710007, -22.85733800735143, 390]
[380.3258866200445, -40.06448540713899, 390]
[410.25970259994335, -3.669539512166878, 390]
[392.9976184476948, -26.64815701383513, 390]
[348.8907354141424, -29.66565461175655, 390]
[375.3197628906318, -43.907862333656965, 390]
[354.1578084757607, -28.566644670787753, 390]
[363.44608201614, -61.41576004228452, 390]
[364.69117098124036, -54.06848595749517, 390]
[375.56752360452464, -114.24334609469622, 390]
[361.97230149130036, -92.50003249126448, 390]
[397.6468893497833, -73.3288160440301, 390]
[347.4067998185219, -54.560568786135946, 390]
