[387.069602086381, -51.084081852031346, 380]
[381.7909338208955, -82.51919054386676, 380]
[319.4581465117034, -72.88283550318928, 380]
[413.7770679683438, -94.88223142882794, 380]
[419.5541342462684, -41.63235535636325, 380]
[366.3857308769744, -69.29861410778145, 380]
[404.6506758102391, -63.777715933756525, 380]
[388.35148632964325, -45.840522291885435, 380]
[380.26210893056475, -6.29754714417362, 380]
[377.1584768237577, -23.222923418659178, 380]
[354.8335934948087, -47.544741185840124, 380]
[375.0801965845012, -5.943617356647692, 380]
[368.4314281274766, -64.33038535294963, 380]
[367.4562219335503, -65.89772599934082, 380]
[370.8709846996338, -62.08190679146065, 380]
[374.01280596966546, -34.3380870344931, 380]
[395.3830246585514, -14.546036612485878, 380]
[423.7741338656754, -43.13171176645233, 380]
[399.33489129684295, -37.396690454498355, 380]
[357.8139916659701, -57.16427793316538, 380]
[402.39252374444897, -54.86071516803143, 380]
[399.5050276644968, -16.92789474403513, 380]
[383.8235572138993, -16.88420622309137, 380]
[400.21231874191113, -107.08200607561372, 380]
