[540.3654876269886, -63.63324953522654, 550]
[543.4153598889678, -58.72359228122488, 550]
[545.8664716584572, -55.79991321275216, 550]
[362.8625458494915, -56.55254044423836, 550]
[430.2666046449199, -75.63554364001152, 550]
[422.0716120504985, -75.50597544432634, 550]
[416.35139290857757, -77.457051537371, 550]
[415.73542712249287, -77.51156369017204, 550]
[438.92528105968995, -88.63140293735836, 400]
[414.91933841182646, -76.55745472006453, 550]
[440.2480119139627, -87.64787376641797, 400]
[412.0448892516866, -83.08439847114812, 550]
[435.49352765983554, -96.05474168542435, 400]
[421.90511086813996, -78.68064192591132, 550]
[444.6127462845516, -92.15771002695703, 400]
[391.529596729183, -85.16221783398723, 400]
[368.9465737066157, -71.54848163192827, 550]
[365.17630116522645, -71.5015980651969, 550]
[388.6749871005087, -81.3191591874583, 400]
[368.0975848456761, -73.74398298240706, 550]
[384.74943998505944, -80.1734164324665, 400]
[383.6083235175536, -76.7155573937547, 400]
[384.7090017907393, -74.74081907692027, 400]
