[276.31866586532925, -81.5807689045626, 230]
[274.9406675492912, 39.31083789671388, 230]
[286.4078877328838, -169.63107275698917, 230]
[305.65864616212775, -60.395533086410154, 230]
[334.3413210955017, 11.997389651995377, 230]
[312.10165795309354, 27.917061457190698, 230]
[276.1486663208946, -55.84874768403978, 230]
[281.94861338216515, 4.196691551006211, 230]
[319.76334802335646, 17.062937246583942, 230]
[322.0948885038557, 37.41018104631689, 230]
[371.6150254400103, -26.87424465605889, 230]
[261.75038342480224, 16.609685934951358, 230]
[313.7469103140122, -17.6411231539644, 230]
[271.31669073586875, 37.924737405597796, 230]
[273.52523601430295, -31.131652932839444, 230]
[269.0973867915035, 30.435609163841804, 230]
[275.288326914556, -9.808625139160299, 230]
[292.8671083862681, 4.830841524280174, 230]
[303.45932433427754, -34.640720618768455, 230]
[259.27508831792903, 53.9508648129773, 230]
[351.2780765639709, 7.074309363608165, 230]
[354.90375623345494, -16.551514721942326, 230]
