[359.30911262799435, -314.42727754652515, 220]
[346.32120777524153, -298.04803027007733, 220]
[388.90596294230477, -321.1058730107338, 220]
[349.34883493929505, -309.6128276293442, 220]
[367.224027312305, -317.49462143372875, 220]
[361.30975197194675, -317.7983312049362, 220]
[331.5574306866925, -296.0423819012393, 220]
[281.6596463320519, -259.5060193536141, 220]
[396.0723437881052, -319.84274251285046, 220]
[389.09574737412214, -331.09178898146354, 220]
[336.49408289494096, -320.28384566478354, 220]
[367.0543195981023, -298.6777781190104, 220]
[367.70505983577095, -272.9939313119654, 220]
[466.4453814162424, -295.54782442516836, 220]
[310.57504542675576, -227.3313311702213, 220]
[338.24927340928343, -288.88344476412544, 220]
[334.7797724892733, -206.89202321831993, 220]
[336.06216684272937, -263.1853968422828, 220]
[348.8342977831164, -242.62368969651845, 220]
[416.40377033773484, -193.9242358289507, 220]
[364.10417475196545, -248.49730622519115, 220]
[417.5609504825483, -238.61513684790623, 220]
