08-22 15:13:53

--------------------------------------------------
order_id:0, table_id:1, snacks:[], drinks:['id:1,name:COFFEE,count:1']
--------------------------------------------------


08-22 15:37:10

--------------------------------------------------
order_id:0, table_id:1, snacks:[], drinks:['id:1,name:COFFEE,count:1']
--------------------------------------------------


08-22 16:11:11

--------------------------------------------------
order_id:0, table_id:1, snacks:[], drinks:['id:1,name:COFFEE,count:1']
--------------------------------------------------


08-22 16:31:39

--------------------------------------------------
order_id:0, table_id:1, snacks:[], drinks:['id:1,name:COFFEE,count:1']
--------------------------------------------------


08-22 16:34:53

--------------------------------------------------
order_id:0, table_id:1, snacks:[], drinks:['id:1,name:COFFEE,count:1']
--------------------------------------------------


08-22 16:43:26

--------------------------------------------------
order_id:0, table_id:1, snacks:[], drinks:['id:1,name:COFFEE,count:1']
--------------------------------------------------


08-22 16:45:12

--------------------------------------------------
order_id:0, table_id:2, snacks:['id:2,name:GUODONG,count:1', 'id:3,name:RUSUANJUN,count:1'], drinks:[]
--------------------------------------------------


08-22 16:52:27

--------------------------------------------------
order_id:0, table_id:2, snacks:['id:2,name:GUODONG,count:1', 'id:4,name:CHENPIDAN,count:1'], drinks:[]
--------------------------------------------------


08-22 16:54:49

--------------------------------------------------
order_id:0, table_id:2, snacks:['id:2,name:GUODONG,count:1', 'id:4,name:CHENPIDAN,count:1'], drinks:[]
--------------------------------------------------


08-22 16:58:03

--------------------------------------------------
order_id:0, table_id:2, snacks:['id:3,name:RUSUANJUN,count:1', 'id:4,name:CHENPIDAN,count:1'], drinks:[]
--------------------------------------------------


08-22 17:01:09

--------------------------------------------------
order_id:0, table_id:2, snacks:[], drinks:['id:1,name:COFFEE,count:1']
--------------------------------------------------


08-22 20:24:06

--------------------------------------------------
order_id:0, table_id:1, snacks:[], drinks:['id:1,name:COFFEE,count:1']
--------------------------------------------------


08-22 20:26:08

--------------------------------------------------
order_id:0, table_id:2, snacks:['id:3,name:RUSUANJUN,count:1', 'id:4,name:CHENPIDAN,count:1'], drinks:[]
--------------------------------------------------


08-22 20:28:27

--------------------------------------------------
order_id:0, table_id:2, snacks:['id:2,name:GUODONG,count:1', 'id:3,name:RUSUANJUN,count:1'], drinks:[]
--------------------------------------------------


08-22 20:31:39

--------------------------------------------------
order_id:0, table_id:1, snacks:[], drinks:['id:1,name:COFFEE,count:1']
--------------------------------------------------


08-22 20:38:08

--------------------------------------------------
order_id:0, table_id:2, snacks:['id:3,name:RUSUANJUN,count:1', 'id:4,name:CHENPIDAN,count:1'], drinks:[]
--------------------------------------------------


08-24 14:46:43

--------------------------------------------------
order_id:0, table_id:1, snacks:['id:3,name:RUSUANJUN,count:1'], drinks:[]
--------------------------------------------------


08-24 14:49:11

--------------------------------------------------
order_id:0, table_id:2, snacks:[], drinks:['id:1,name:COFFEE,count:1']
--------------------------------------------------


08-24 14:54:02

--------------------------------------------------
order_id:0, table_id:2, snacks:['id:4,name:CHENPIDAN,count:1'], drinks:[]
--------------------------------------------------


08-24 14:57:02

--------------------------------------------------
order_id:0, table_id:2, snacks:['id:4,name:CHENPIDAN,count:1'], drinks:[]
--------------------------------------------------


08-24 14:59:09

--------------------------------------------------
order_id:0, table_id:2, snacks:['id:2,name:GUODONG,count:1'], drinks:[]
--------------------------------------------------


08-24 15:12:52

--------------------------------------------------
order_id:0, table_id:1, snacks:['id:2,name:GUODONG,count:1'], drinks:[]
--------------------------------------------------


08-24 15:15:16

--------------------------------------------------
order_id:0, table_id:2, snacks:[], drinks:['id:1,name:COFFEE,count:1']
--------------------------------------------------


08-24 15:18:26

--------------------------------------------------
order_id:0, table_id:2, snacks:['id:2,name:GUODONG,count:1', 'id:4,name:CHENPIDAN,count:1'], drinks:[]
--------------------------------------------------


08-24 15:20:50

--------------------------------------------------
order_id:0, table_id:2, snacks:[], drinks:['id:1,name:COFFEE,count:1']
--------------------------------------------------


08-24 15:22:21

--------------------------------------------------
order_id:0, table_id:2, snacks:['id:2,name:GUODONG,count:1', 'id:3,name:RUSUANJUN,count:1'], drinks:[]
--------------------------------------------------


08-24 15:25:03

--------------------------------------------------
order_id:0, table_id:2, snacks:['id:2,name:GUODONG,count:1', 'id:3,name:RUSUANJUN,count:1'], drinks:[]
--------------------------------------------------


08-24 15:35:12

--------------------------------------------------
order_id:0, table_id:2, snacks:['id:2,name:GUODONG,count:1', 'id:3,name:RUSUANJUN,count:1'], drinks:[]
--------------------------------------------------


08-24 15:38:37

--------------------------------------------------
order_id:0, table_id:2, snacks:['id:2,name:GUODONG,count:1'], drinks:[]
--------------------------------------------------


08-24 15:44:25

--------------------------------------------------
order_id:0, table_id:1, snacks:['id:2,name:GUODONG,count:1', 'id:3,name:RUSUANJUN,count:1'], drinks:[]
--------------------------------------------------


08-24 15:47:29

--------------------------------------------------
order_id:0, table_id:2, snacks:['id:2,name:GUODONG,count:1'], drinks:[]
--------------------------------------------------


08-24 16:15:02

--------------------------------------------------
order_id:0, table_id:2, snacks:['id:2,name:GUODONG,count:1'], drinks:[]
--------------------------------------------------


08-24 16:18:26

--------------------------------------------------
order_id:0, table_id:1, snacks:['id:1,name:YIDA,count:1', 'id:2,name:GUODONG,count:2'], drinks:[]
--------------------------------------------------


08-24 16:42:00

--------------------------------------------------
order_id:0, table_id:2, snacks:['id:4,name:CHENPIDAN,count:1'], drinks:[]
--------------------------------------------------


08-24 16:45:09

--------------------------------------------------
order_id:0, table_id:2, snacks:['id:3,name:RUSUANJUN,count:1', 'id:4,name:CHENPIDAN,count:1'], drinks:[]
--------------------------------------------------


08-24 16:47:19

--------------------------------------------------
order_id:0, table_id:2, snacks:[], drinks:['id:1,name:COFFEE,count:1']
--------------------------------------------------


08-24 16:54:13

--------------------------------------------------
order_id:0, table_id:2, snacks:['id:3,name:RUSUANJUN,count:1', 'id:4,name:CHENPIDAN,count:1'], drinks:[]
--------------------------------------------------


08-24 16:57:19

--------------------------------------------------
order_id:0, table_id:2, snacks:['id:3,name:RUSUANJUN,count:1', 'id:4,name:CHENPIDAN,count:1'], drinks:[]
--------------------------------------------------


08-24 17:01:32

--------------------------------------------------
order_id:0, table_id:2, snacks:['id:3,name:RUSUANJUN,count:1', 'id:4,name:CHENPIDAN,count:1'], drinks:[]
--------------------------------------------------


08-24 17:04:24

--------------------------------------------------
order_id:0, table_id:2, snacks:[], drinks:['id:1,name:COFFEE,count:1']
--------------------------------------------------


08-24 17:07:48

--------------------------------------------------
order_id:0, table_id:1, snacks:[], drinks:['id:1,name:COFFEE,count:1']
--------------------------------------------------


08-24 17:09:30

--------------------------------------------------
order_id:0, table_id:2, snacks:['id:2,name:GUODONG,count:1', 'id:4,name:CHENPIDAN,count:1'], drinks:[]
--------------------------------------------------


08-25 19:19:03

--------------------------------------------------
order_id:0, table_id:2, snacks:['id:2,name:GUODONG,count:1', 'id:4,name:CHENPIDAN,count:1'], drinks:[]
--------------------------------------------------


08-25 19:29:16

--------------------------------------------------
order_id:0, table_id:2, snacks:['id:2,name:GUODONG,count:1', 'id:4,name:CHENPIDAN,count:1'], drinks:[]
--------------------------------------------------


08-25 19:31:47

--------------------------------------------------
order_id:0, table_id:2, snacks:[], drinks:['id:1,name:COFFEE,count:1']
--------------------------------------------------


08-25 19:44:58

--------------------------------------------------
order_id:0, table_id:2, snacks:['id:4,name:CHENPIDAN,count:1'], drinks:[]
--------------------------------------------------


08-25 19:48:22

--------------------------------------------------
order_id:0, table_id:2, snacks:['id:2,name:GUODONG,count:1', 'id:4,name:CHENPIDAN,count:1'], drinks:[]
--------------------------------------------------


08-25 19:50:56

--------------------------------------------------
order_id:0, table_id:1, snacks:[], drinks:['id:1,name:COFFEE,count:1']
--------------------------------------------------


08-25 19:55:14

--------------------------------------------------
order_id:0, table_id:2, snacks:['id:2,name:GUODONG,count:1', 'id:4,name:CHENPIDAN,count:1'], drinks:[]
--------------------------------------------------


08-25 19:57:49

--------------------------------------------------
order_id:0, table_id:2, snacks:['id:2,name:GUODONG,count:1', 'id:4,name:CHENPIDAN,count:1'], drinks:[]
--------------------------------------------------


08-25 20:03:00

--------------------------------------------------
order_id:0, table_id:1, snacks:[], drinks:['id:1,name:COFFEE,count:1']
--------------------------------------------------


08-25 20:13:32

--------------------------------------------------
order_id:0, table_id:2, snacks:['id:2,name:GUODONG,count:1', 'id:4,name:CHENPIDAN,count:1'], drinks:[]
--------------------------------------------------


08-25 20:16:04

--------------------------------------------------
order_id:0, table_id:1, snacks:[], drinks:['id:1,name:COFFEE,count:1']
--------------------------------------------------


08-25 20:26:24

--------------------------------------------------
order_id:0, table_id:2, snacks:['id:3,name:RUSUANJUN,count:1', 'id:4,name:CHENPIDAN,count:1'], drinks:[]
--------------------------------------------------


08-25 20:32:15

--------------------------------------------------
order_id:0, table_id:2, snacks:['id:3,name:RUSUANJUN,count:1', 'id:4,name:CHENPIDAN,count:1'], drinks:[]
--------------------------------------------------


08-25 20:35:01

--------------------------------------------------
order_id:0, table_id:2, snacks:['id:3,name:RUSUANJUN,count:1', 'id:4,name:CHENPIDAN,count:1'], drinks:[]
--------------------------------------------------


08-25 20:37:39

--------------------------------------------------
order_id:0, table_id:1, snacks:[], drinks:['id:1,name:COFFEE,count:1']
--------------------------------------------------


08-25 20:41:52

--------------------------------------------------
order_id:0, table_id:2, snacks:['id:2,name:GUODONG,count:1', 'id:3,name:RUSUANJUN,count:1'], drinks:[]
--------------------------------------------------


08-25 20:44:22

--------------------------------------------------
order_id:0, table_id:1, snacks:[], drinks:['id:1,name:COFFEE,count:1']
--------------------------------------------------


08-25 20:53:45

--------------------------------------------------
order_id:0, table_id:2, snacks:[], drinks:['id:1,name:COFFEE,count:1']
--------------------------------------------------


08-25 20:55:48

--------------------------------------------------
order_id:0, table_id:2, snacks:['id:3,name:RUSUANJUN,count:1', 'id:4,name:CHENPIDAN,count:1'], drinks:[]
--------------------------------------------------


08-25 20:58:35

--------------------------------------------------
order_id:0, table_id:1, snacks:[], drinks:['id:1,name:COFFEE,count:1']
--------------------------------------------------


08-25 21:04:14

--------------------------------------------------
order_id:0, table_id:2, snacks:[], drinks:['id:1,name:COFFEE,count:1']
--------------------------------------------------


08-25 21:07:54

--------------------------------------------------
order_id:0, table_id:2, snacks:[], drinks:['id:1,name:COFFEE,count:1']
--------------------------------------------------


08-25 21:18:24

--------------------------------------------------
order_id:0, table_id:2, snacks:[], drinks:['id:1,name:COFFEE,count:1']
--------------------------------------------------


08-25 21:23:12

--------------------------------------------------
order_id:0, table_id:1, snacks:[], drinks:['id:1,name:COFFEE,count:1']
--------------------------------------------------


08-25 21:28:12

--------------------------------------------------
order_id:0, table_id:1, snacks:[], drinks:['id:1,name:COFFEE,count:1']
--------------------------------------------------


08-26 14:19:07

--------------------------------------------------
order_id:0, table_id:2, snacks:['id:3,name:RUSUANJUN,count:1'], drinks:[]
--------------------------------------------------


08-26 14:21:24

--------------------------------------------------
order_id:0, table_id:1, snacks:[], drinks:['id:1,name:COFFEE,count:1']
--------------------------------------------------


08-26 14:23:03

--------------------------------------------------
order_id:0, table_id:2, snacks:['id:3,name:RUSUANJUN,count:1', 'id:4,name:CHENPIDAN,count:1'], drinks:[]
--------------------------------------------------


08-26 14:25:44

--------------------------------------------------
order_id:0, table_id:1, snacks:[], drinks:['id:1,name:COFFEE,count:1']
--------------------------------------------------


08-26 14:32:40

--------------------------------------------------
order_id:0, table_id:1, snacks:['id:2,name:GUODONG,count:1', 'id:3,name:RUSUANJUN,count:1'], drinks:[]
--------------------------------------------------


08-26 14:35:16

--------------------------------------------------
order_id:0, table_id:2, snacks:[], drinks:['id:1,name:COFFEE,count:1']
--------------------------------------------------


08-26 14:37:21

--------------------------------------------------
order_id:0, table_id:2, snacks:['id:2,name:GUODONG,count:1', 'id:3,name:RUSUANJUN,count:1'], drinks:[]
--------------------------------------------------


08-26 14:45:58

--------------------------------------------------
order_id:0, table_id:2, snacks:['id:2,name:GUODONG,count:1', 'id:3,name:RUSUANJUN,count:1'], drinks:[]
--------------------------------------------------


08-26 14:47:57

--------------------------------------------------
order_id:0, table_id:2, snacks:['id:2,name:GUODONG,count:1', 'id:3,name:RUSUANJUN,count:1'], drinks:[]
--------------------------------------------------


08-26 14:50:06

--------------------------------------------------
order_id:0, table_id:1, snacks:[], drinks:['id:1,name:COFFEE,count:1']
--------------------------------------------------


08-26 14:51:49

--------------------------------------------------
order_id:0, table_id:2, snacks:['id:2,name:GUODONG,count:1', 'id:3,name:RUSUANJUN,count:1'], drinks:[]
--------------------------------------------------


08-26 14:56:05

--------------------------------------------------
order_id:0, table_id:2, snacks:['id:2,name:GUODONG,count:1', 'id:3,name:RUSUANJUN,count:1'], drinks:[]
--------------------------------------------------


08-26 14:58:24

--------------------------------------------------
order_id:0, table_id:1, snacks:[], drinks:['id:1,name:COFFEE,count:1']
--------------------------------------------------


08-26 15:08:06

--------------------------------------------------
order_id:0, table_id:1, snacks:[], drinks:['id:1,name:COFFEE,count:1']
--------------------------------------------------


08-26 15:20:59

--------------------------------------------------
order_id:0, table_id:2, snacks:['id:2,name:GUODONG,count:1', 'id:3,name:RUSUANJUN,count:1'], drinks:[]
--------------------------------------------------


08-26 15:24:53

--------------------------------------------------
order_id:0, table_id:1, snacks:['id:2,name:GUODONG,count:1', 'id:3,name:RUSUANJUN,count:1'], drinks:[]
--------------------------------------------------


08-26 15:27:33

--------------------------------------------------
order_id:0, table_id:2, snacks:[], drinks:['id:1,name:COFFEE,count:1']
--------------------------------------------------


08-26 15:30:10

--------------------------------------------------
order_id:0, table_id:2, snacks:[], drinks:['id:1,name:COFFEE,count:1']
--------------------------------------------------


08-26 15:32:07

--------------------------------------------------
order_id:0, table_id:2, snacks:[], drinks:['id:1,name:COFFEE,count:1']
--------------------------------------------------


08-26 15:34:07

--------------------------------------------------
order_id:0, table_id:2, snacks:['id:3,name:RUSUANJUN,count:1', 'id:4,name:CHENPIDAN,count:1'], drinks:[]
--------------------------------------------------


08-27 09:16:43

--------------------------------------------------
order_id:0, table_id:1, snacks:['id:2,name:GUODONG,count:1', 'id:3,name:RUSUANJUN,count:1'], drinks:[]
--------------------------------------------------


08-27 09:19:17

--------------------------------------------------
order_id:0, table_id:2, snacks:[], drinks:['id:1,name:COFFEE,count:1']
--------------------------------------------------


08-27 09:25:00

--------------------------------------------------
order_id:0, table_id:2, snacks:[], drinks:['id:1,name:COFFEE,count:1']
--------------------------------------------------


08-27 09:30:48

--------------------------------------------------
order_id:0, table_id:2, snacks:[], drinks:['id:1,name:COFFEE,count:1']
--------------------------------------------------


08-27 09:32:20

--------------------------------------------------
order_id:0, table_id:1, snacks:['id:3,name:RUSUANJUN,count:1', 'id:4,name:CHENPIDAN,count:1'], drinks:[]
--------------------------------------------------


08-27 10:04:59

--------------------------------------------------
order_id:0, table_id:1, snacks:['id:3,name:RUSUANJUN,count:1', 'id:4,name:CHENPIDAN,count:1'], drinks:[]
--------------------------------------------------


08-27 10:10:09

--------------------------------------------------
order_id:0, table_id:1, snacks:['id:3,name:RUSUANJUN,count:1', 'id:4,name:CHENPIDAN,count:1'], drinks:[]
--------------------------------------------------


08-27 10:12:44

--------------------------------------------------
order_id:0, table_id:2, snacks:[], drinks:['id:1,name:COFFEE,count:1']
--------------------------------------------------


08-27 10:14:33

--------------------------------------------------
order_id:0, table_id:2, snacks:['id:2,name:GUODONG,count:1', 'id:3,name:RUSUANJUN,count:1'], drinks:[]
--------------------------------------------------


08-27 10:16:38

--------------------------------------------------
order_id:0, table_id:1, snacks:[], drinks:['id:1,name:COFFEE,count:1']
--------------------------------------------------


08-27 10:25:34

--------------------------------------------------
order_id:0, table_id:2, snacks:[], drinks:['id:1,name:COFFEE,count:1']
--------------------------------------------------


08-27 10:28:01

--------------------------------------------------
order_id:0, table_id:2, snacks:[], drinks:['id:1,name:COFFEE,count:1']
--------------------------------------------------


08-27 10:32:55

--------------------------------------------------
order_id:0, table_id:2, snacks:[], drinks:['id:1,name:COFFEE,count:1']
--------------------------------------------------


08-27 10:34:28

--------------------------------------------------
order_id:0, table_id:1, snacks:['id:2,name:GUODONG,count:1', 'id:3,name:RUSUANJUN,count:1'], drinks:[]
--------------------------------------------------


08-27 10:37:09

--------------------------------------------------
order_id:0, table_id:2, snacks:['id:2,name:GUODONG,count:1', 'id:3,name:RUSUANJUN,count:1'], drinks:[]
--------------------------------------------------


08-27 10:39:42

--------------------------------------------------
order_id:0, table_id:2, snacks:['id:2,name:GUODONG,count:1', 'id:3,name:RUSUANJUN,count:1'], drinks:[]
--------------------------------------------------


08-27 10:43:08

--------------------------------------------------
order_id:0, table_id:2, snacks:['id:2,name:GUODONG,count:1', 'id:3,name:RUSUANJUN,count:1'], drinks:[]
--------------------------------------------------


08-27 10:45:01

--------------------------------------------------
order_id:0, table_id:2, snacks:['id:2,name:GUODONG,count:1', 'id:3,name:RUSUANJUN,count:1'], drinks:[]
--------------------------------------------------


08-27 10:47:28

--------------------------------------------------
order_id:0, table_id:2, snacks:['id:2,name:GUODONG,count:1', 'id:3,name:RUSUANJUN,count:1'], drinks:[]
--------------------------------------------------


